#
# There is insufficient memory for the Java Runtime Environment to continue.
# Native memory allocation (malloc) failed to allocate 1048576 bytes for AllocateHeap
# Possible reasons:
#   The system is out of physical RAM or swap space
#   In 32 bit mode, the process size limit was hit
# Possible solutions:
#   Reduce memory load on the system
#   Increase physical memory or swap space
#   Check if swap backing store is full
#   Use 64 bit Java on a 64 bit OS
#   Decrease Java heap size (-Xmx/-Xms)
#   Decrease number of Java threads
#   Decrease Java thread stack sizes (-Xss)
#   Set larger code cache with -XX:ReservedCodeCacheSize=
# This output file may be truncated or incomplete.
#
#  Out of Memory Error (memory/allocation.inline.hpp:61), pid=6732, tid=2904
#
# JRE version:  (8.0_40-b26) (build )
# Java VM: Java HotSpot(TM) 64-Bit Server VM (25.40-b25 mixed mode windows-amd64 compressed oops)
# Failed to write core dump. Minidumps are not enabled by default on client versions of Windows
#

---------------  T H R E A D  ---------------

Current thread (0x0000000002d21000):  JavaThread "Unknown thread" [_thread_in_vm, id=2904, stack(0x00000000028e0000,0x00000000029e0000)]

Stack: [0x00000000028e0000,0x00000000029e0000]
Native frames: (J=compiled Java code, j=interpreted, Vv=VM code, C=native code)
V  [jvm.dll+0x32b47a]
V  [jvm.dll+0x2797f3]
V  [jvm.dll+0x27a489]
V  [jvm.dll+0x2717a5]
V  [jvm.dll+0x1606]
V  [jvm.dll+0x270812]
V  [jvm.dll+0x3eeb5a]
V  [jvm.dll+0x3ea707]
V  [jvm.dll+0xf2c12]
V  [jvm.dll+0x20f139]
V  [jvm.dll+0x240d9a]
V  [jvm.dll+0x15b941]
C  [java.exe+0x216e]
C  [java.exe+0xcce7]
C  [java.exe+0xcd7b]
C  [KERNEL32.DLL+0x13d2]
C  [ntdll.dll+0x154e4]


---------------  P R O C E S S  ---------------

Java Threads: ( => current thread )

Other Threads:

=>0x0000000002d21000 (exited) JavaThread "Unknown thread" [_thread_in_vm, id=2904, stack(0x00000000028e0000,0x00000000029e0000)]

VM state:not at safepoint (normal execution)

VM Mutex/Monitor currently owned by a thread: None

Heap:
 PSYoungGen      total 18944K, used 327K [0x00000000eab00000, 0x00000000ec000000, 0x0000000100000000)
  eden space 16384K, 2% used [0x00000000eab00000,0x00000000eab51ec8,0x00000000ebb00000)
  from space 2560K, 0% used [0x00000000ebd80000,0x00000000ebd80000,0x00000000ec000000)
  to   space 2560K, 0% used [0x00000000ebb00000,0x00000000ebb00000,0x00000000ebd80000)
 ParOldGen       total 44032K, used 0K [0x00000000c0000000, 0x00000000c2b00000, 0x00000000eab00000)
  object space 44032K, 0% used [0x00000000c0000000,0x00000000c0000000,0x00000000c2b00000)
 Metaspace       used 766K, capacity 4480K, committed 4480K, reserved 1056768K
  class space    used 75K, capacity 384K, committed 384K, reserved 1048576K

Card table byte_map: [0x00000000122b0000,0x00000000124c0000] byte_map_base: 0x0000000011cb0000

Marking Bits: (ParMarkBitMap*) 0x0000000068774040
 Begin Bits: [0x0000000012a20000, 0x0000000013a20000)
 End Bits:   [0x0000000013a20000, 0x0000000014a20000)

Polling page: 0x00000000010e0000

CodeCache: size=245760Kb used=328Kb max_used=328Kb free=245431Kb
 bounds [0x0000000002ef0000, 0x0000000003160000, 0x0000000011ef0000]
 total_blobs=57 nmethods=0 adapters=37
 compilation: enabled

Compilation events (0 events):
No events

GC Heap History (0 events):
No events

Deoptimization events (0 events):
No events

Internal exceptions (0 events):
No events

Events (10 events):
Event: 0.200 loading class java/lang/Short
Event: 0.200 loading class java/lang/Short done
Event: 0.200 loading class java/lang/Integer
Event: 0.200 loading class java/lang/Integer done
Event: 0.200 loading class java/lang/Long
Event: 0.203 loading class java/lang/Long done
Event: 0.204 loading class java/lang/NullPointerException
Event: 0.204 loading class java/lang/NullPointerException done
Event: 0.204 loading class java/lang/ArithmeticException
Event: 0.204 loading class java/lang/ArithmeticException done


Dynamic libraries:
0x00007ff70bc50000 - 0x00007ff70bc87000 	C:\Program Files\Java\jdk1.8.0_40\bin\java.exe
0x00007ffea52f0000 - 0x00007ffea549d000 	C:\Windows\SYSTEM32\ntdll.dll
0x00007ffea2b50000 - 0x00007ffea2c8e000 	C:\Windows\system32\KERNEL32.DLL
0x00007ffea26c0000 - 0x00007ffea27d5000 	C:\Windows\system32\KERNELBASE.dll
0x00007ffea0fe0000 - 0x00007ffea106e000 	C:\Windows\system32\apphelp.dll
0x00007ffe8cc50000 - 0x00007ffe8cca3000 	C:\Windows\AppPatch\AppPatch64\AcGenral.DLL
0x00007ffea5170000 - 0x00007ffea521a000 	C:\Windows\system32\msvcrt.dll
0x00007ffea28e0000 - 0x00007ffea290e000 	C:\Windows\system32\SspiCli.dll
0x00007ffea4c60000 - 0x00007ffea4cb4000 	C:\Windows\system32\SHLWAPI.dll
0x00007ffea3310000 - 0x00007ffea3487000 	C:\Windows\system32\USER32.dll
0x00007ffea2970000 - 0x00007ffea2b04000 	C:\Windows\system32\ole32.dll
0x00007ffea34a0000 - 0x00007ffea49c8000 	C:\Windows\system32\SHELL32.dll
0x00007ffea19e0000 - 0x00007ffea1a01000 	C:\Windows\SYSTEM32\USERENV.dll
0x00007ffea4ee0000 - 0x00007ffea4f8a000 	C:\Windows\system32\ADVAPI32.dll
0x00007ffe956c0000 - 0x00007ffe956de000 	C:\Windows\SYSTEM32\MPR.dll
0x00007ffea4da0000 - 0x00007ffea4ee0000 	C:\Windows\system32\RPCRT4.dll
0x00007ffea4bf0000 - 0x00007ffea4c49000 	C:\Windows\SYSTEM32\sechost.dll
0x00007ffea49d0000 - 0x00007ffea4be1000 	C:\Windows\SYSTEM32\combase.dll
0x00007ffea2c90000 - 0x00007ffea2ddf000 	C:\Windows\system32\GDI32.dll
0x00007ffea2410000 - 0x00007ffea2425000 	C:\Windows\SYSTEM32\profapi.dll
0x00007ffea0990000 - 0x00007ffea0a42000 	C:\Windows\SYSTEM32\SHCORE.dll
0x00007ffea2b10000 - 0x00007ffea2b46000 	C:\Windows\system32\IMM32.DLL
0x00007ffea31b0000 - 0x00007ffea3302000 	C:\Windows\system32\MSCTF.dll
0x00007ffea0360000 - 0x00007ffea05db000 	C:\Windows\WinSxS\amd64_microsoft.windows.common-controls_6595b64144ccf1df_6.0.9600.18006_none_623f33d3ecbe86e8\COMCTL32.dll
0x0000000068800000 - 0x00000000688d2000 	C:\Program Files\Java\jdk1.8.0_40\jre\bin\msvcr100.dll
0x0000000067f70000 - 0x00000000687f3000 	C:\Program Files\Java\jdk1.8.0_40\jre\bin\server\jvm.dll
0x00007ffe98cb0000 - 0x00007ffe98cb9000 	C:\Windows\SYSTEM32\WSOCK32.dll
0x00007ffe9f8f0000 - 0x00007ffe9f912000 	C:\Windows\SYSTEM32\WINMM.dll
0x00007ffe9f950000 - 0x00007ffe9f95a000 	C:\Windows\SYSTEM32\VERSION.dll
0x00007ffea3490000 - 0x00007ffea3497000 	C:\Windows\system32\PSAPI.DLL
0x00007ffea3150000 - 0x00007ffea31aa000 	C:\Windows\system32\WS2_32.dll
0x00007ffe9f880000 - 0x00007ffe9f8aa000 	C:\Windows\SYSTEM32\WINMMBASE.dll
0x00007ffea4cc0000 - 0x00007ffea4cc9000 	C:\Windows\system32\NSI.dll
0x00007ffea27e0000 - 0x00007ffea282f000 	C:\Windows\SYSTEM32\cfgmgr32.dll
0x00007ffea1260000 - 0x00007ffea1288000 	C:\Windows\SYSTEM32\DEVOBJ.dll
0x0000000067f60000 - 0x0000000067f6f000 	C:\Program Files\Java\jdk1.8.0_40\jre\bin\verify.dll
0x0000000067f30000 - 0x0000000067f59000 	C:\Program Files\Java\jdk1.8.0_40\jre\bin\java.dll
0x0000000067f10000 - 0x0000000067f26000 	C:\Program Files\Java\jdk1.8.0_40\jre\bin\zip.dll
0x00007ffe97d60000 - 0x00007ffe97ee9000 	C:\Windows\SYSTEM32\dbghelp.dll

VM Arguments:
jvm_args: -Djava.awt.headless=true -Xmx1024M -Dfile.encoding=x-windows-949 -Duser.country=KR -Duser.language=ko -Duser.variant 
java_command: com.android.dx.command.Main --dex --verbose --force-jumbo --num-threads=4 --multi-dex --output C:\EunjiApp\EnterHeart\app\build\intermediates\transforms\dex\debug\folders\1000\10\com.android.support-appcompat-v7-24.2.1_6d12d31464c46ed481456fdf17ce237acb30e293 C:\EunjiApp\EnterHeart\app\build\intermediates\exploded-aar\com.android.support\appcompat-v7\24.2.1\jars\classes.jar
java_class_path (initial): C:\Android\sdk\build-tools\24.0.2\lib\dx.jar
Launcher Type: SUN_STANDARD

Environment Variables:
PATH=C:\oraclexe\app\oracle\product\11.2.0\server\bin;C:\ProgramData\Oracle\Java\javapath;C:\Program Files (x86)\NVIDIA Corporation\PhysX\Common;C:\Program Files (x86)\Intel\iCLS Client\;C:\Program Files\Intel\iCLS Client\;C:\Windows\system32;C:\Windows;C:\Windows\System32\Wbem;C:\Windows\System32\WindowsPowerShell\v1.0\;C:\Program Files (x86)\Windows Live\Shared;C:\Program Files\Intel\Intel(R) Management Engine Components\DAL;C:\Program Files\Intel\Intel(R) Management Engine Components\IPT;C:\Program Files (x86)\Intel\Intel(R) Management Engine Components\DAL;C:\Program Files (x86)\Intel\Intel(R) Management Engine Components\IPT;C:\Program Files\Intel\WiFi\bin\;C:\Program Files\Common Files\Intel\WirelessCommon\;C:\Program Files\Java\jdk1.8.0_40\bin;C:\Users\neg21_000\AppData\Local\Programs\Python\Python35-32;C:\Program Files\Bandizip\7z
USERNAME=³ªÀºÁö
OS=Windows_NT
PROCESSOR_IDENTIFIER=Intel64 Family 6 Model 69 Stepping 1, GenuineIntel



---------------  S Y S T E M  ---------------

OS: Windows 8.1 , 64 bit Build 9600 (6.3.9600.17415)

CPU:total 4 (2 cores per cpu, 2 threads per core) family 6 model 69 stepping 1, cmov, cx8, fxsr, mmx, sse, sse2, sse3, ssse3, sse4.1, sse4.2, popcnt, avx, avx2, aes, clmul, erms, lzcnt, ht, tsc, tscinvbit, bmi1, bmi2

Memory: 4k page, physical 4099872k(75904k free), swap 7245600k(4604k free)

vm_info: Java HotSpot(TM) 64-Bit Server VM (25.40-b25) for windows-amd64 JRE (1.8.0_40-b26), built on Mar  7 2015 13:51:59 by "java_re" with MS VC++ 10.0 (VS2010)

time: Wed Nov 02 11:48:21 2016
elapsed time: 0 seconds (0d 0h 0m 0s)

