#
# There is insufficient memory for the Java Runtime Environment to continue.
# Native memory allocation (malloc) failed to allocate 262160 bytes for Chunk::new
# Possible reasons:
#   The system is out of physical RAM or swap space
#   In 32 bit mode, the process size limit was hit
# Possible solutions:
#   Reduce memory load on the system
#   Increase physical memory or swap space
#   Check if swap backing store is full
#   Use 64 bit Java on a 64 bit OS
#   Decrease Java heap size (-Xmx/-Xms)
#   Decrease number of Java threads
#   Decrease Java thread stack sizes (-Xss)
#   Set larger code cache with -XX:ReservedCodeCacheSize=
# This output file may be truncated or incomplete.
#
#  Out of Memory Error (allocation.cpp:390), pid=3428, tid=6612
#
# JRE version: Java(TM) SE Runtime Environment (8.0_40-b26) (build 1.8.0_40-b26)
# Java VM: Java HotSpot(TM) 64-Bit Server VM (25.40-b25 mixed mode windows-amd64 compressed oops)
# Failed to write core dump. Minidumps are not enabled by default on client versions of Windows
#

---------------  T H R E A D  ---------------

Current thread (0x00000000168c4800):  JavaThread "C2 CompilerThread1" daemon [_thread_in_native, id=6612, stack(0x0000000016c70000,0x0000000016d70000)]

Stack: [0x0000000016c70000,0x0000000016d70000]
Native frames: (J=compiled Java code, j=interpreted, Vv=VM code, C=native code)
V  [jvm.dll+0x32b47a]


Current CompileTask:
C2:  11688 1886   !   4       com.android.dx.cf.code.Ropper::processBlock (1101 bytes)


---------------  P R O C E S S  ---------------

Java Threads: ( => current thread )
  0x0000000016b02000 JavaThread "pool-2-thread-4" [_thread_blocked, id=6888, stack(0x0000000017470000,0x0000000017570000)]
  0x0000000016b01000 JavaThread "pool-2-thread-3" [_thread_blocked, id=14868, stack(0x0000000017370000,0x0000000017470000)]
  0x0000000016b00000 JavaThread "pool-2-thread-2" [_thread_blocked, id=10112, stack(0x0000000017270000,0x0000000017370000)]
  0x0000000016afd800 JavaThread "pool-3-thread-1" [_thread_blocked, id=1216, stack(0x0000000017170000,0x0000000017270000)]
  0x0000000016af9000 JavaThread "pool-2-thread-1" [_thread_blocked, id=1316, stack(0x0000000017070000,0x0000000017170000)]
  0x00000000168cf000 JavaThread "Service Thread" daemon [_thread_blocked, id=11928, stack(0x0000000016e70000,0x0000000016f70000)]
  0x00000000168c7000 JavaThread "C1 CompilerThread2" daemon [_thread_blocked, id=11128, stack(0x0000000016d70000,0x0000000016e70000)]
=>0x00000000168c4800 JavaThread "C2 CompilerThread1" daemon [_thread_in_native, id=6612, stack(0x0000000016c70000,0x0000000016d70000)]
  0x0000000015259000 JavaThread "C2 CompilerThread0" daemon [_thread_in_native, id=5016, stack(0x0000000016770000,0x0000000016870000)]
  0x000000001520e000 JavaThread "Attach Listener" daemon [_thread_blocked, id=5676, stack(0x0000000016670000,0x0000000016770000)]
  0x000000001520d000 JavaThread "Signal Dispatcher" daemon [_thread_blocked, id=15608, stack(0x0000000016570000,0x0000000016670000)]
  0x0000000002b26000 JavaThread "Finalizer" daemon [_thread_blocked, id=1520, stack(0x0000000016470000,0x0000000016570000)]
  0x0000000002b1d800 JavaThread "Reference Handler" daemon [_thread_blocked, id=11276, stack(0x0000000016370000,0x0000000016470000)]
  0x0000000002a31000 JavaThread "main" [_thread_in_Java, id=13896, stack(0x0000000002900000,0x0000000002a00000)]

Other Threads:
  0x00000000151c7800 VMThread [stack: 0x0000000016270000,0x0000000016370000] [id=16120]
  0x00000000168e0000 WatcherThread [stack: 0x0000000016f70000,0x0000000017070000] [id=4464]

VM state:not at safepoint (normal execution)

VM Mutex/Monitor currently owned by a thread: None

Heap:
 PSYoungGen      total 68096K, used 48261K [0x00000000eab00000, 0x00000000ef000000, 0x0000000100000000)
  eden space 65536K, 69% used [0x00000000eab00000,0x00000000ed7a7138,0x00000000eeb00000)
  from space 2560K, 99% used [0x00000000eed80000,0x00000000eeffa620,0x00000000ef000000)
  to   space 2560K, 0% used [0x00000000eeb00000,0x00000000eeb00000,0x00000000eed80000)
 ParOldGen       total 44032K, used 13723K [0x00000000c0000000, 0x00000000c2b00000, 0x00000000eab00000)
  object space 44032K, 31% used [0x00000000c0000000,0x00000000c0d66de8,0x00000000c2b00000)
 Metaspace       used 6339K, capacity 7152K, committed 7296K, reserved 1056768K
  class space    used 593K, capacity 616K, committed 640K, reserved 1048576K

Card table byte_map: [0x0000000011ef0000,0x0000000012100000] byte_map_base: 0x00000000118f0000

Marking Bits: (ParMarkBitMap*) 0x0000000068754040
 Begin Bits: [0x0000000012660000, 0x0000000013660000)
 End Bits:   [0x0000000013660000, 0x0000000014660000)

Polling page: 0x0000000000c80000

CodeCache: size=245760Kb used=7899Kb max_used=7917Kb free=237860Kb
 bounds [0x0000000002b30000, 0x0000000003300000, 0x0000000011b30000]
 total_blobs=2131 nmethods=1860 adapters=183
 compilation: enabled

Compilation events (10 events):
Event: 11.164 Thread 0x0000000015259000 nmethod 1744 0x00000000032de190 code [0x00000000032dfba0, 0x00000000032e9d48]
Event: 11.164 Thread 0x0000000015259000 1745       4       com.android.dx.rop.code.BasicBlockList$RegCountVisitor::visitThrowingCstInsn (6 bytes)
Event: 11.170 Thread 0x0000000015259000 nmethod 1745 0x00000000032c01d0 code [0x00000000032c0320, 0x00000000032c0598]
Event: 11.515 Thread 0x0000000015259000 1889       4       com.android.dx.dex.code.RopTranslator$LocalVariableAwareTranslationVisitor::visitThrowingCstInsn (11 bytes)
Event: 11.590 Thread 0x0000000015259000 nmethod 1889 0x00000000032d5090 code [0x00000000032d5340, 0x00000000032d74f0]
Event: 11.590 Thread 0x0000000015259000 1891 %     4       java.util.BitSet::cardinality @ 4 (32 bytes)
Event: 11.593 Thread 0x0000000015259000 nmethod 1891% 0x00000000032d37d0 code [0x00000000032d3920, 0x00000000032d3a98]
Event: 11.593 Thread 0x0000000015259000 1892       4       com.android.dx.ssa.SsaConverter::edgeSplitMoveExceptionsAndResults (157 bytes)
Event: 11.658 Thread 0x00000000168c7000 1900   !   3       java.util.concurrent.ArrayBlockingQueue::take (46 bytes)
Event: 11.659 Thread 0x00000000168c7000 nmethod 1900 0x00000000032bee90 code [0x00000000032bf0c0, 0x00000000032bfbb8]

GC Heap History (8 events):
Event: 3.956 GC heap before
{Heap before GC invocations=1 (full 0):
 PSYoungGen      total 18944K, used 16384K [0x00000000eab00000, 0x00000000ec000000, 0x0000000100000000)
  eden space 16384K, 100% used [0x00000000eab00000,0x00000000ebb00000,0x00000000ebb00000)
  from space 2560K, 0% used [0x00000000ebd80000,0x00000000ebd80000,0x00000000ec000000)
  to   space 2560K, 0% used [0x00000000ebb00000,0x00000000ebb00000,0x00000000ebd80000)
 ParOldGen       total 44032K, used 0K [0x00000000c0000000, 0x00000000c2b00000, 0x00000000eab00000)
  object space 44032K, 0% used [0x00000000c0000000,0x00000000c0000000,0x00000000c2b00000)
 Metaspace       used 5600K, capacity 6576K, committed 6784K, reserved 1056768K
  class space    used 584K, capacity 616K, committed 640K, reserved 1048576K
Event: 4.112 GC heap after
Heap after GC invocations=1 (full 0):
 PSYoungGen      total 18944K, used 2557K [0x00000000eab00000, 0x00000000ed000000, 0x0000000100000000)
  eden space 16384K, 0% used [0x00000000eab00000,0x00000000eab00000,0x00000000ebb00000)
  from space 2560K, 99% used [0x00000000ebb00000,0x00000000ebd7f6c8,0x00000000ebd80000)
  to   space 2560K, 0% used [0x00000000ecd80000,0x00000000ecd80000,0x00000000ed000000)
 ParOldGen       total 44032K, used 1599K [0x00000000c0000000, 0x00000000c2b00000, 0x00000000eab00000)
  object space 44032K, 3% used [0x00000000c0000000,0x00000000c018fd20,0x00000000c2b00000)
 Metaspace       used 5600K, capacity 6576K, committed 6784K, reserved 1056768K
  class space    used 584K, capacity 616K, committed 640K, reserved 1048576K
}
Event: 5.053 GC heap before
{Heap before GC invocations=2 (full 0):
 PSYoungGen      total 18944K, used 18941K [0x00000000eab00000, 0x00000000ed000000, 0x0000000100000000)
  eden space 16384K, 100% used [0x00000000eab00000,0x00000000ebb00000,0x00000000ebb00000)
  from space 2560K, 99% used [0x00000000ebb00000,0x00000000ebd7f6c8,0x00000000ebd80000)
  to   space 2560K, 0% used [0x00000000ecd80000,0x00000000ecd80000,0x00000000ed000000)
 ParOldGen       total 44032K, used 1599K [0x00000000c0000000, 0x00000000c2b00000, 0x00000000eab00000)
  object space 44032K, 3% used [0x00000000c0000000,0x00000000c018fd20,0x00000000c2b00000)
 Metaspace       used 6004K, capacity 6896K, committed 7040K, reserved 1056768K
  class space    used 592K, capacity 616K, committed 640K, reserved 1048576K
Event: 5.285 GC heap after
Heap after GC invocations=2 (full 0):
 PSYoungGen      total 35328K, used 2548K [0x00000000eab00000, 0x00000000ed000000, 0x0000000100000000)
  eden space 32768K, 0% used [0x00000000eab00000,0x00000000eab00000,0x00000000ecb00000)
  from space 2560K, 99% used [0x00000000ecd80000,0x00000000ecffd0c0,0x00000000ed000000)
  to   space 2560K, 0% used [0x00000000ecb00000,0x00000000ecb00000,0x00000000ecd80000)
 ParOldGen       total 44032K, used 3716K [0x00000000c0000000, 0x00000000c2b00000, 0x00000000eab00000)
  object space 44032K, 8% used [0x00000000c0000000,0x00000000c03a1280,0x00000000c2b00000)
 Metaspace       used 6004K, capacity 6896K, committed 7040K, reserved 1056768K
  class space    used 592K, capacity 616K, committed 640K, reserved 1048576K
}
Event: 8.092 GC heap before
{Heap before GC invocations=3 (full 0):
 PSYoungGen      total 35328K, used 35316K [0x00000000eab00000, 0x00000000ed000000, 0x0000000100000000)
  eden space 32768K, 100% used [0x00000000eab00000,0x00000000ecb00000,0x00000000ecb00000)
  from space 2560K, 99% used [0x00000000ecd80000,0x00000000ecffd0c0,0x00000000ed000000)
  to   space 2560K, 0% used [0x00000000ecb00000,0x00000000ecb00000,0x00000000ecd80000)
 ParOldGen       total 44032K, used 3716K [0x00000000c0000000, 0x00000000c2b00000, 0x00000000eab00000)
  object space 44032K, 8% used [0x00000000c0000000,0x00000000c03a1280,0x00000000c2b00000)
 Metaspace       used 6217K, capacity 7088K, committed 7296K, reserved 1056768K
  class space    used 593K, capacity 616K, committed 640K, reserved 1048576K
Event: 8.273 GC heap after
Heap after GC invocations=3 (full 0):
 PSYoungGen      total 35328K, used 2537K [0x00000000eab00000, 0x00000000ef000000, 0x0000000100000000)
  eden space 32768K, 0% used [0x00000000eab00000,0x00000000eab00000,0x00000000ecb00000)
  from space 2560K, 99% used [0x00000000ecb00000,0x00000000ecd7a620,0x00000000ecd80000)
  to   space 2560K, 0% used [0x00000000eed80000,0x00000000eed80000,0x00000000ef000000)
 ParOldGen       total 44032K, used 8572K [0x00000000c0000000, 0x00000000c2b00000, 0x00000000eab00000)
  object space 44032K, 19% used [0x00000000c0000000,0x00000000c085f190,0x00000000c2b00000)
 Metaspace       used 6217K, capacity 7088K, committed 7296K, reserved 1056768K
  class space    used 593K, capacity 616K, committed 640K, reserved 1048576K
}
Event: 10.136 GC heap before
{Heap before GC invocations=4 (full 0):
 PSYoungGen      total 35328K, used 35305K [0x00000000eab00000, 0x00000000ef000000, 0x0000000100000000)
  eden space 32768K, 100% used [0x00000000eab00000,0x00000000ecb00000,0x00000000ecb00000)
  from space 2560K, 99% used [0x00000000ecb00000,0x00000000ecd7a620,0x00000000ecd80000)
  to   space 2560K, 0% used [0x00000000eed80000,0x00000000eed80000,0x00000000ef000000)
 ParOldGen       total 44032K, used 8572K [0x00000000c0000000, 0x00000000c2b00000, 0x00000000eab00000)
  object space 44032K, 19% used [0x00000000c0000000,0x00000000c085f190,0x00000000c2b00000)
 Metaspace       used 6288K, capacity 7088K, committed 7296K, reserved 1056768K
  class space    used 593K, capacity 616K, committed 640K, reserved 1048576K
Event: 10.298 GC heap after
Heap after GC invocations=4 (full 0):
 PSYoungGen      total 68096K, used 2537K [0x00000000eab00000, 0x00000000ef000000, 0x0000000100000000)
  eden space 65536K, 0% used [0x00000000eab00000,0x00000000eab00000,0x00000000eeb00000)
  from space 2560K, 99% used [0x00000000eed80000,0x00000000eeffa620,0x00000000ef000000)
  to   space 2560K, 0% used [0x00000000eeb00000,0x00000000eeb00000,0x00000000eed80000)
 ParOldGen       total 44032K, used 13723K [0x00000000c0000000, 0x00000000c2b00000, 0x00000000eab00000)
  object space 44032K, 31% used [0x00000000c0000000,0x00000000c0d66de8,0x00000000c2b00000)
 Metaspace       used 6288K, capacity 7088K, committed 7296K, reserved 1056768K
  class space    used 593K, capacity 616K, committed 640K, reserved 1048576K
}

Deoptimization events (10 events):
Event: 10.327 Thread 0x0000000016b01000 Uncommon trap: reason=class_check action=maybe_recompile pc=0x000000000323ca50 method=com.android.dx.ssa.SCCP.setLatticeValueTo(IILcom/android/dx/rop/cst/Constant;)Z @ 43
Event: 10.327 Thread 0x0000000016b01000 Uncommon trap: reason=class_check action=maybe_recompile pc=0x000000000323ca50 method=com.android.dx.ssa.SCCP.setLatticeValueTo(IILcom/android/dx/rop/cst/Constant;)Z @ 43
Event: 10.327 Thread 0x0000000016b01000 Uncommon trap: reason=class_check action=maybe_recompile pc=0x000000000323ca50 method=com.android.dx.ssa.SCCP.setLatticeValueTo(IILcom/android/dx/rop/cst/Constant;)Z @ 43
Event: 10.472 Thread 0x0000000016b02000 Uncommon trap: reason=class_check action=maybe_recompile pc=0x00000000030a5e00 method=com.android.dx.ssa.SCCP.simulateBranch(Lcom/android/dx/ssa/SsaInsn;)V @ 145
Event: 10.972 Thread 0x0000000016b02000 Uncommon trap: reason=bimorphic action=maybe_recompile pc=0x00000000032c7cd0 method=com.android.dx.ssa.SCCP.setLatticeValueTo(IILcom/android/dx/rop/cst/Constant;)Z @ 43
Event: 10.972 Thread 0x0000000016b02000 Uncommon trap: reason=bimorphic action=maybe_recompile pc=0x00000000032c7cd0 method=com.android.dx.ssa.SCCP.setLatticeValueTo(IILcom/android/dx/rop/cst/Constant;)Z @ 43
Event: 10.972 Thread 0x0000000016b02000 Uncommon trap: reason=bimorphic action=maybe_recompile pc=0x00000000032c7b3c method=com.android.dx.ssa.SCCP.simulatePhi(Lcom/android/dx/ssa/PhiInsn;)V @ 124
Event: 10.972 Thread 0x0000000016b02000 Uncommon trap: reason=bimorphic action=maybe_recompile pc=0x00000000032c7b3c method=com.android.dx.ssa.SCCP.simulatePhi(Lcom/android/dx/ssa/PhiInsn;)V @ 124
Event: 10.972 Thread 0x0000000016b02000 Uncommon trap: reason=bimorphic action=maybe_recompile pc=0x00000000032c7cd0 method=com.android.dx.ssa.SCCP.setLatticeValueTo(IILcom/android/dx/rop/cst/Constant;)Z @ 43
Event: 10.972 Thread 0x0000000016b02000 Uncommon trap: reason=bimorphic action=maybe_recompile pc=0x00000000032c7b3c method=com.android.dx.ssa.SCCP.simulatePhi(Lcom/android/dx/ssa/PhiInsn;)V @ 124

Internal exceptions (2 events):
Event: 0.072 Thread 0x0000000002a31000 Exception <a 'java/lang/NoSuchMethodError': Method sun.misc.Unsafe.defineClass(Ljava/lang/String;[BII)Ljava/lang/Class; name or signature does not match> (0x00000000eab12f00) thrown at [D:\re\workspace\8-2-build-windows-amd64-cygwin\jdk8u40\3098\hotspot\srÁ;fy²?
Event: 0.072 Thread 0x0000000002a31000 Exception <a 'java/lang/NoSuchMethodError': Method sun.misc.Unsafe.prefetchRead(Ljava/lang/Object;J)V name or signature does not match> (0x00000000eab13190) thrown at [D:\re\workspace\8-2-build-windows-amd64-cygwin\jdk8u40\3098\hotspot\src\share\vm\prims\j

Events (10 events):
Event: 10.972 Thread 0x0000000016b02000 DEOPT PACKING pc=0x00000000032c7b3c sp=0x000000001756eae0
Event: 10.972 Thread 0x0000000016b02000 DEOPT UNPACKING pc=0x0000000002b7582a sp=0x000000001756eab8 mode 2
Event: 10.972 Thread 0x0000000016b02000 Uncommon trap: trap_request=0xffffffc6 fr.pc=0x00000000032c7cd0
Event: 10.972 Thread 0x0000000016b02000 DEOPT PACKING pc=0x00000000032c7cd0 sp=0x000000001756eae0
Event: 10.972 Thread 0x0000000016b02000 DEOPT UNPACKING pc=0x0000000002b7582a sp=0x000000001756ea48 mode 2
Event: 10.972 Thread 0x0000000016b02000 Uncommon trap: trap_request=0xffffffc6 fr.pc=0x00000000032c7b3c
Event: 10.972 Thread 0x0000000016b02000 DEOPT PACKING pc=0x00000000032c7b3c sp=0x000000001756eae0
Event: 10.972 Thread 0x0000000016b02000 DEOPT UNPACKING pc=0x0000000002b7582a sp=0x000000001756eab8 mode 2
Event: 10.985 Thread 0x0000000016b01000 DEOPT PACKING pc=0x0000000002f8f0d3 sp=0x000000001746eae0
Event: 10.985 Thread 0x0000000016b01000 DEOPT UNPACKING pc=0x0000000002b7787f sp=0x000000001746e8f0 mode 0


Dynamic libraries:
0x00007ff6cbcc0000 - 0x00007ff6cbcf7000 	C:\Program Files\Java\jdk1.8.0_40\bin\java.exe
0x00007ffea52f0000 - 0x00007ffea549d000 	C:\Windows\SYSTEM32\ntdll.dll
0x00007ffea2b50000 - 0x00007ffea2c8e000 	C:\Windows\system32\KERNEL32.DLL
0x00007ffea26c0000 - 0x00007ffea27d5000 	C:\Windows\system32\KERNELBASE.dll
0x00007ffea0fe0000 - 0x00007ffea106e000 	C:\Windows\system32\apphelp.dll
0x00007ffe8e7f0000 - 0x00007ffe8e843000 	C:\Windows\AppPatch\AppPatch64\AcGenral.DLL
0x00007ffea5170000 - 0x00007ffea521a000 	C:\Windows\system32\msvcrt.dll
0x00007ffea28e0000 - 0x00007ffea290e000 	C:\Windows\system32\SspiCli.dll
0x00007ffea4c60000 - 0x00007ffea4cb4000 	C:\Windows\system32\SHLWAPI.dll
0x00007ffea3310000 - 0x00007ffea3487000 	C:\Windows\system32\USER32.dll
0x00007ffea2970000 - 0x00007ffea2b04000 	C:\Windows\system32\ole32.dll
0x00007ffea34a0000 - 0x00007ffea49c8000 	C:\Windows\system32\SHELL32.dll
0x00007ffea19e0000 - 0x00007ffea1a01000 	C:\Windows\SYSTEM32\USERENV.dll
0x00007ffea4ee0000 - 0x00007ffea4f8a000 	C:\Windows\system32\ADVAPI32.dll
0x00007ffe956c0000 - 0x00007ffe956de000 	C:\Windows\SYSTEM32\MPR.dll
0x00007ffea4da0000 - 0x00007ffea4ee0000 	C:\Windows\system32\RPCRT4.dll
0x00007ffea4bf0000 - 0x00007ffea4c49000 	C:\Windows\SYSTEM32\sechost.dll
0x00007ffea49d0000 - 0x00007ffea4be1000 	C:\Windows\SYSTEM32\combase.dll
0x00007ffea2c90000 - 0x00007ffea2ddf000 	C:\Windows\system32\GDI32.dll
0x00007ffea2410000 - 0x00007ffea2425000 	C:\Windows\SYSTEM32\profapi.dll
0x00007ffea0990000 - 0x00007ffea0a42000 	C:\Windows\SYSTEM32\SHCORE.dll
0x00007ffea2b10000 - 0x00007ffea2b46000 	C:\Windows\system32\IMM32.DLL
0x00007ffea31b0000 - 0x00007ffea3302000 	C:\Windows\system32\MSCTF.dll
0x00007ffea0360000 - 0x00007ffea05db000 	C:\Windows\WinSxS\amd64_microsoft.windows.common-controls_6595b64144ccf1df_6.0.9600.18006_none_623f33d3ecbe86e8\COMCTL32.dll
0x00000000687e0000 - 0x00000000688b2000 	C:\Program Files\Java\jdk1.8.0_40\jre\bin\msvcr100.dll
0x0000000067f50000 - 0x00000000687d3000 	C:\Program Files\Java\jdk1.8.0_40\jre\bin\server\jvm.dll
0x00007ffe98cb0000 - 0x00007ffe98cb9000 	C:\Windows\SYSTEM32\WSOCK32.dll
0x00007ffe9f8f0000 - 0x00007ffe9f912000 	C:\Windows\SYSTEM32\WINMM.dll
0x00007ffe9f950000 - 0x00007ffe9f95a000 	C:\Windows\SYSTEM32\VERSION.dll
0x00007ffea3490000 - 0x00007ffea3497000 	C:\Windows\system32\PSAPI.DLL
0x00007ffea3150000 - 0x00007ffea31aa000 	C:\Windows\system32\WS2_32.dll
0x00007ffe9f880000 - 0x00007ffe9f8aa000 	C:\Windows\SYSTEM32\WINMMBASE.dll
0x00007ffea4cc0000 - 0x00007ffea4cc9000 	C:\Windows\system32\NSI.dll
0x00007ffea27e0000 - 0x00007ffea282f000 	C:\Windows\SYSTEM32\cfgmgr32.dll
0x00007ffea1260000 - 0x00007ffea1288000 	C:\Windows\SYSTEM32\DEVOBJ.dll
0x0000000067f40000 - 0x0000000067f4f000 	C:\Program Files\Java\jdk1.8.0_40\jre\bin\verify.dll
0x0000000067f10000 - 0x0000000067f39000 	C:\Program Files\Java\jdk1.8.0_40\jre\bin\java.dll
0x0000000067ef0000 - 0x0000000067f06000 	C:\Program Files\Java\jdk1.8.0_40\jre\bin\zip.dll

VM Arguments:
jvm_args: -Djava.awt.headless=true -Xmx1024M -Dfile.encoding=x-windows-949 -Duser.country=KR -Duser.language=ko -Duser.variant 
java_command: com.android.dx.command.Main --dex --verbose --force-jumbo --num-threads=4 --multi-dex --output C:\EunjiApp\EnterHeart\app\build\intermediates\transforms\dex\debug\folders\1000\10\com.google.android.gms-play-services-ads-lite-9.8.0_17fc2b9dbb211e61a7adb7b31b5ca9703175aa4e C:\EunjiApp\EnterHeart\app\build\intermediates\exploded-aar\com.google.android.gms\play-services-ads-lite\9.8.0\jars\classes.jar
java_class_path (initial): C:\Android\sdk\build-tools\24.0.2\lib\dx.jar
Launcher Type: SUN_STANDARD

Environment Variables:
PATH=C:\oraclexe\app\oracle\product\11.2.0\server\bin;C:\ProgramData\Oracle\Java\javapath;C:\Program Files (x86)\NVIDIA Corporation\PhysX\Common;C:\Program Files (x86)\Intel\iCLS Client\;C:\Program Files\Intel\iCLS Client\;C:\Windows\system32;C:\Windows;C:\Windows\System32\Wbem;C:\Windows\System32\WindowsPowerShell\v1.0\;C:\Program Files (x86)\Windows Live\Shared;C:\Program Files\Intel\Intel(R) Management Engine Components\DAL;C:\Program Files\Intel\Intel(R) Management Engine Components\IPT;C:\Program Files (x86)\Intel\Intel(R) Management Engine Components\DAL;C:\Program Files (x86)\Intel\Intel(R) Management Engine Components\IPT;C:\Program Files\Intel\WiFi\bin\;C:\Program Files\Common Files\Intel\WirelessCommon\;C:\Program Files\Java\jdk1.8.0_40\bin;C:\Users\neg21_000\AppData\Local\Programs\Python\Python35-32;C:\Program Files\Bandizip\7z
USERNAME=³ªÀºÁö
OS=Windows_NT
PROCESSOR_IDENTIFIER=Intel64 Family 6 Model 69 Stepping 1, GenuineIntel



---------------  S Y S T E M  ---------------

OS: Windows 8.1 , 64 bit Build 9600 (6.3.9600.17415)

CPU:total 4 (2 cores per cpu, 2 threads per core) family 6 model 69 stepping 1, cmov, cx8, fxsr, mmx, sse, sse2, sse3, ssse3, sse4.1, sse4.2, popcnt, avx, avx2, aes, clmul, erms, lzcnt, ht, tsc, tscinvbit, bmi1, bmi2

Memory: 4k page, physical 4099872k(200572k free), swap 7245600k(5016k free)

vm_info: Java HotSpot(TM) 64-Bit Server VM (25.40-b25) for windows-amd64 JRE (1.8.0_40-b26), built on Mar  7 2015 13:51:59 by "java_re" with MS VC++ 10.0 (VS2010)

time: Thu Nov 03 00:21:50 2016
elapsed time: 11 seconds (0d 0h 0m 11s)

