#
# There is insufficient memory for the Java Runtime Environment to continue.
# Native memory allocation (malloc) failed to allocate 32744 bytes for ChunkPool::allocate
# Possible reasons:
#   The system is out of physical RAM or swap space
#   In 32 bit mode, the process size limit was hit
# Possible solutions:
#   Reduce memory load on the system
#   Increase physical memory or swap space
#   Check if swap backing store is full
#   Use 64 bit Java on a 64 bit OS
#   Decrease Java heap size (-Xmx/-Xms)
#   Decrease number of Java threads
#   Decrease Java thread stack sizes (-Xss)
#   Set larger code cache with -XX:ReservedCodeCacheSize=
# This output file may be truncated or incomplete.
#
#  Out of Memory Error (allocation.cpp:273), pid=16176, tid=14544
#
# JRE version: Java(TM) SE Runtime Environment (8.0_40-b26) (build 1.8.0_40-b26)
# Java VM: Java HotSpot(TM) 64-Bit Server VM (25.40-b25 mixed mode windows-amd64 compressed oops)
# Failed to write core dump. Minidumps are not enabled by default on client versions of Windows
#

---------------  T H R E A D  ---------------

Current thread (0x0000000014b2d000):  JavaThread "C2 CompilerThread0" daemon [_thread_in_native, id=14544, stack(0x0000000016080000,0x0000000016180000)]

Stack: [0x0000000016080000,0x0000000016180000]
Native frames: (J=compiled Java code, j=interpreted, Vv=VM code, C=native code)
V  [jvm.dll+0x32b47a]
V  [jvm.dll+0x2797f3]
V  [jvm.dll+0x27a489]
V  [jvm.dll+0x2717a5]
V  [jvm.dll+0xcb7c4]
V  [jvm.dll+0xcb9e7]
V  [jvm.dll+0xcbe6c]
V  [jvm.dll+0x4b550e]
V  [jvm.dll+0x4b7264]
V  [jvm.dll+0x4b9469]
V  [jvm.dll+0x46b6b5]
V  [jvm.dll+0x46ccbe]
V  [jvm.dll+0x4500d2]
V  [jvm.dll+0xa4312]
V  [jvm.dll+0xa4c4f]
V  [jvm.dll+0x241914]
V  [jvm.dll+0x29848a]
C  [msvcr100.dll+0x21d9f]
C  [msvcr100.dll+0x21e3b]
C  [KERNEL32.DLL+0x13d2]
C  [ntdll.dll+0x154e4]


Current CompileTask:
C2:  11855 2106       4      
[error occurred during error reporting (printing current compile task), id 0xe0000001]


---------------  P R O C E S S  ---------------

Java Threads: ( => current thread )
  0x000000001646a000 JavaThread "pool-2-thread-4" [_thread_in_Java, id=936, stack(0x0000000016d80000,0x0000000016e80000)]
  0x0000000016469000 JavaThread "pool-2-thread-3" [_thread_in_Java, id=7536, stack(0x0000000016c80000,0x0000000016d80000)]
  0x0000000016468800 JavaThread "pool-2-thread-2" [_thread_in_Java, id=4672, stack(0x0000000016b80000,0x0000000016c80000)]
  0x0000000016467800 JavaThread "pool-3-thread-1" [_thread_blocked, id=13572, stack(0x0000000016a80000,0x0000000016b80000)]
  0x0000000016440800 JavaThread "pool-2-thread-1" [_thread_in_Java, id=3664, stack(0x0000000016980000,0x0000000016a80000)]
  0x00000000161e8800 JavaThread "Service Thread" daemon [_thread_blocked, id=14944, stack(0x0000000016780000,0x0000000016880000)]
  0x00000000161d6800 JavaThread "C1 CompilerThread2" daemon [_thread_blocked, id=8344, stack(0x0000000016680000,0x0000000016780000)]
  0x0000000014b7e800 JavaThread "C2 CompilerThread1" daemon [_thread_in_native, id=16040, stack(0x0000000016580000,0x0000000016680000)]
=>0x0000000014b2d000 JavaThread "C2 CompilerThread0" daemon [_thread_in_native, id=14544, stack(0x0000000016080000,0x0000000016180000)]
  0x0000000014b2b800 JavaThread "Attach Listener" daemon [_thread_blocked, id=14636, stack(0x0000000015f80000,0x0000000016080000)]
  0x0000000014b2a800 JavaThread "Signal Dispatcher" daemon [_thread_blocked, id=10432, stack(0x0000000015e80000,0x0000000015f80000)]
  0x0000000002446000 JavaThread "Finalizer" daemon [_thread_blocked, id=9104, stack(0x0000000015d80000,0x0000000015e80000)]
  0x000000000243d800 JavaThread "Reference Handler" daemon [_thread_blocked, id=3972, stack(0x0000000015c80000,0x0000000015d80000)]
  0x0000000002351000 JavaThread "main" [_thread_in_Java, id=5856, stack(0x00000000021d0000,0x00000000022d0000)]

Other Threads:
  0x0000000014ae7800 VMThread [stack: 0x0000000015b80000,0x0000000015c80000] [id=7012]
  0x00000000161fc000 WatcherThread [stack: 0x0000000016880000,0x0000000016980000] [id=10408]

VM state:not at safepoint (normal execution)

VM Mutex/Monitor currently owned by a thread: None

Heap:
 PSYoungGen      total 74240K, used 40379K [0x00000000eab00000, 0x00000000f4b00000, 0x0000000100000000)
  eden space 65024K, 47% used [0x00000000eab00000,0x00000000ec970e80,0x00000000eea80000)
  from space 9216K, 99% used [0x00000000eea80000,0x00000000ef37e0f0,0x00000000ef380000)
  to   space 16896K, 0% used [0x00000000f3a80000,0x00000000f3a80000,0x00000000f4b00000)
 ParOldGen       total 44032K, used 26363K [0x00000000c0000000, 0x00000000c2b00000, 0x00000000eab00000)
  object space 44032K, 59% used [0x00000000c0000000,0x00000000c19becc8,0x00000000c2b00000)
 Metaspace       used 6385K, capacity 7152K, committed 7296K, reserved 1056768K
  class space    used 595K, capacity 616K, committed 640K, reserved 1048576K

Card table byte_map: [0x0000000011810000,0x0000000011a20000] byte_map_base: 0x0000000011210000

Marking Bits: (ParMarkBitMap*) 0x0000000068754040
 Begin Bits: [0x0000000011f80000, 0x0000000012f80000)
 End Bits:   [0x0000000012f80000, 0x0000000013f80000)

Polling page: 0x00000000006c0000

CodeCache: size=245760Kb used=9394Kb max_used=9411Kb free=236365Kb
 bounds [0x0000000002450000, 0x0000000002d90000, 0x0000000011450000]
 total_blobs=2270 nmethods=1999 adapters=183
 compilation: enabled

Compilation events (10 events):
Event: 11.484 Thread 0x00000000161d6800 2147   !   2       com.android.dx.command.dexer.Main::processFileBytes (265 bytes)
Event: 11.487 Thread 0x00000000161d6800 nmethod 2147 0x0000000002d70350 code [0x0000000002d70600, 0x0000000002d71878]
Event: 11.488 Thread 0x00000000161d6800 2148       2       java.util.DualPivotQuicksort::sort (614 bytes)
Event: 11.490 Thread 0x00000000161d6800 nmethod 2148 0x0000000002d77a90 code [0x0000000002d77ce0, 0x0000000002d78a38]
Event: 11.493 Thread 0x00000000161d6800 2149       2       java.util.BitSet::trimToSize (32 bytes)
Event: 11.493 Thread 0x00000000161d6800 nmethod 2149 0x0000000002d6fdd0 code [0x0000000002d6ff40, 0x0000000002d70218]
Event: 11.675 Thread 0x0000000014b2d000 nmethod 2133% 0x0000000002d7fb90 code [0x0000000002d7fe60, 0x0000000002d82ef8]
Event: 11.675 Thread 0x0000000014b2d000 2136 %     4       com.android.dx.ssa.Dominators::run @ 283 (506 bytes)
Event: 11.740 Thread 0x0000000014b2d000 nmethod 2136% 0x0000000002d86590 code [0x0000000002d867e0, 0x0000000002d87f58]
Event: 11.740 Thread 0x0000000014b2d000 2106       4       com.android.dx.cf.code.Simulator$SimVisitor::visitConstant (332 bytes)

GC Heap History (10 events):
Event: 3.276 GC heap before
{Heap before GC invocations=3 (full 0):
 PSYoungGen      total 18944K, used 18912K [0x00000000eab00000, 0x00000000ed000000, 0x0000000100000000)
  eden space 16384K, 100% used [0x00000000eab00000,0x00000000ebb00000,0x00000000ebb00000)
  from space 2560K, 98% used [0x00000000ebd80000,0x00000000ebff8288,0x00000000ec000000)
  to   space 2560K, 0% used [0x00000000ebb00000,0x00000000ebb00000,0x00000000ebd80000)
 ParOldGen       total 44032K, used 2483K [0x00000000c0000000, 0x00000000c2b00000, 0x00000000eab00000)
  object space 44032K, 5% used [0x00000000c0000000,0x00000000c026cd70,0x00000000c2b00000)
 Metaspace       used 6107K, capacity 6960K, committed 7040K, reserved 1056768K
  class space    used 592K, capacity 616K, committed 640K, reserved 1048576K
Event: 3.471 GC heap after
Heap after GC invocations=3 (full 0):
 PSYoungGen      total 18944K, used 2553K [0x00000000eab00000, 0x00000000ed000000, 0x0000000100000000)
  eden space 16384K, 0% used [0x00000000eab00000,0x00000000eab00000,0x00000000ebb00000)
  from space 2560K, 99% used [0x00000000ebb00000,0x00000000ebd7e648,0x00000000ebd80000)
  to   space 2560K, 0% used [0x00000000ecd80000,0x00000000ecd80000,0x00000000ed000000)
 ParOldGen       total 44032K, used 5237K [0x00000000c0000000, 0x00000000c2b00000, 0x00000000eab00000)
  object space 44032K, 11% used [0x00000000c0000000,0x00000000c051d6a0,0x00000000c2b00000)
 Metaspace       used 6107K, capacity 6960K, committed 7040K, reserved 1056768K
  class space    used 592K, capacity 616K, committed 640K, reserved 1048576K
}
Event: 4.071 GC heap before
{Heap before GC invocations=4 (full 0):
 PSYoungGen      total 18944K, used 18937K [0x00000000eab00000, 0x00000000ed000000, 0x0000000100000000)
  eden space 16384K, 100% used [0x00000000eab00000,0x00000000ebb00000,0x00000000ebb00000)
  from space 2560K, 99% used [0x00000000ebb00000,0x00000000ebd7e648,0x00000000ebd80000)
  to   space 2560K, 0% used [0x00000000ecd80000,0x00000000ecd80000,0x00000000ed000000)
 ParOldGen       total 44032K, used 5237K [0x00000000c0000000, 0x00000000c2b00000, 0x00000000eab00000)
  object space 44032K, 11% used [0x00000000c0000000,0x00000000c051d6a0,0x00000000c2b00000)
 Metaspace       used 6193K, capacity 7088K, committed 7296K, reserved 1056768K
  class space    used 592K, capacity 616K, committed 640K, reserved 1048576K
Event: 4.101 GC heap after
Heap after GC invocations=4 (full 0):
 PSYoungGen      total 35328K, used 2553K [0x00000000eab00000, 0x00000000ed000000, 0x0000000100000000)
  eden space 32768K, 0% used [0x00000000eab00000,0x00000000eab00000,0x00000000ecb00000)
  from space 2560K, 99% used [0x00000000ecd80000,0x00000000ecffe648,0x00000000ed000000)
  to   space 2560K, 0% used [0x00000000ecb00000,0x00000000ecb00000,0x00000000ecd80000)
 ParOldGen       total 44032K, used 8303K [0x00000000c0000000, 0x00000000c2b00000, 0x00000000eab00000)
  object space 44032K, 18% used [0x00000000c0000000,0x00000000c081be70,0x00000000c2b00000)
 Metaspace       used 6193K, capacity 7088K, committed 7296K, reserved 1056768K
  class space    used 592K, capacity 616K, committed 640K, reserved 1048576K
}
Event: 5.324 GC heap before
{Heap before GC invocations=5 (full 0):
 PSYoungGen      total 35328K, used 35321K [0x00000000eab00000, 0x00000000ed000000, 0x0000000100000000)
  eden space 32768K, 100% used [0x00000000eab00000,0x00000000ecb00000,0x00000000ecb00000)
  from space 2560K, 99% used [0x00000000ecd80000,0x00000000ecffe648,0x00000000ed000000)
  to   space 2560K, 0% used [0x00000000ecb00000,0x00000000ecb00000,0x00000000ecd80000)
 ParOldGen       total 44032K, used 8303K [0x00000000c0000000, 0x00000000c2b00000, 0x00000000eab00000)
  object space 44032K, 18% used [0x00000000c0000000,0x00000000c081be70,0x00000000c2b00000)
 Metaspace       used 6243K, capacity 7088K, committed 7296K, reserved 1056768K
  class space    used 592K, capacity 616K, committed 640K, reserved 1048576K
Event: 5.852 GC heap after
Heap after GC invocations=5 (full 0):
 PSYoungGen      total 35328K, used 2528K [0x00000000eab00000, 0x00000000efc00000, 0x0000000100000000)
  eden space 32768K, 0% used [0x00000000eab00000,0x00000000eab00000,0x00000000ecb00000)
  from space 2560K, 98% used [0x00000000ecb00000,0x00000000ecd78028,0x00000000ecd80000)
  to   space 8704K, 0% used [0x00000000ef380000,0x00000000ef380000,0x00000000efc00000)
 ParOldGen       total 44032K, used 13634K [0x00000000c0000000, 0x00000000c2b00000, 0x00000000eab00000)
  object space 44032K, 30% used [0x00000000c0000000,0x00000000c0d509c8,0x00000000c2b00000)
 Metaspace       used 6243K, capacity 7088K, committed 7296K, reserved 1056768K
  class space    used 592K, capacity 616K, committed 640K, reserved 1048576K
}
Event: 7.736 GC heap before
{Heap before GC invocations=6 (full 0):
 PSYoungGen      total 35328K, used 35296K [0x00000000eab00000, 0x00000000efc00000, 0x0000000100000000)
  eden space 32768K, 100% used [0x00000000eab00000,0x00000000ecb00000,0x00000000ecb00000)
  from space 2560K, 98% used [0x00000000ecb00000,0x00000000ecd78028,0x00000000ecd80000)
  to   space 8704K, 0% used [0x00000000ef380000,0x00000000ef380000,0x00000000efc00000)
 ParOldGen       total 44032K, used 13634K [0x00000000c0000000, 0x00000000c2b00000, 0x00000000eab00000)
  object space 44032K, 30% used [0x00000000c0000000,0x00000000c0d509c8,0x00000000c2b00000)
 Metaspace       used 6293K, capacity 7088K, committed 7296K, reserved 1056768K
  class space    used 593K, capacity 616K, committed 640K, reserved 1048576K
Event: 7.918 GC heap after
Heap after GC invocations=6 (full 0):
 PSYoungGen      total 73728K, used 7504K [0x00000000eab00000, 0x00000000efd00000, 0x0000000100000000)
  eden space 65024K, 0% used [0x00000000eab00000,0x00000000eab00000,0x00000000eea80000)
  from space 8704K, 86% used [0x00000000ef380000,0x00000000efad4038,0x00000000efc00000)
  to   space 9216K, 0% used [0x00000000eea80000,0x00000000eea80000,0x00000000ef380000)
 ParOldGen       total 44032K, used 13634K [0x00000000c0000000, 0x00000000c2b00000, 0x00000000eab00000)
  object space 44032K, 30% used [0x00000000c0000000,0x00000000c0d509c8,0x00000000c2b00000)
 Metaspace       used 6293K, capacity 7088K, committed 7296K, reserved 1056768K
  class space    used 593K, capacity 616K, committed 640K, reserved 1048576K
}
Event: 10.428 GC heap before
{Heap before GC invocations=7 (full 0):
 PSYoungGen      total 73728K, used 72528K [0x00000000eab00000, 0x00000000efd00000, 0x0000000100000000)
  eden space 65024K, 100% used [0x00000000eab00000,0x00000000eea80000,0x00000000eea80000)
  from space 8704K, 86% used [0x00000000ef380000,0x00000000efad4038,0x00000000efc00000)
  to   space 9216K, 0% used [0x00000000eea80000,0x00000000eea80000,0x00000000ef380000)
 ParOldGen       total 44032K, used 13634K [0x00000000c0000000, 0x00000000c2b00000, 0x00000000eab00000)
  object space 44032K, 30% used [0x00000000c0000000,0x00000000c0d509c8,0x00000000c2b00000)
 Metaspace       used 6371K, capacity 7152K, committed 7296K, reserved 1056768K
  class space    used 595K, capacity 616K, committed 640K, reserved 1048576K
Event: 11.138 GC heap after
Heap after GC invocations=7 (full 0):
 PSYoungGen      total 74240K, used 9208K [0x00000000eab00000, 0x00000000f4b00000, 0x0000000100000000)
  eden space 65024K, 0% used [0x00000000eab00000,0x00000000eab00000,0x00000000eea80000)
  from space 9216K, 99% used [0x00000000eea80000,0x00000000ef37e0f0,0x00000000ef380000)
  to   space 16896K, 0% used [0x00000000f3a80000,0x00000000f3a80000,0x00000000f4b00000)
 ParOldGen       total 44032K, used 26363K [0x00000000c0000000, 0x00000000c2b00000, 0x00000000eab00000)
  object space 44032K, 59% used [0x00000000c0000000,0x00000000c19becc8,0x00000000c2b00000)
 Metaspace       used 6371K, capacity 7152K, committed 7296K, reserved 1056768K
  class space    used 595K, capacity 616K, committed 640K, reserved 1048576K
}

Deoptimization events (10 events):
Event: 7.715 Thread 0x0000000016469000 Uncommon trap: reason=class_check action=maybe_recompile pc=0x0000000002b957e0 method=com.android.dx.cf.code.BytecodeArray.parseInstruction(ILcom/android/dx/cf/code/BytecodeArray$Visitor;)I @ 891
Event: 9.127 Thread 0x0000000016440800 Uncommon trap: reason=class_check action=maybe_recompile pc=0x0000000002c70c94 method=com.android.dx.cf.code.BytecodeArray.parseInstruction(ILcom/android/dx/cf/code/BytecodeArray$Visitor;)I @ 2151
Event: 9.127 Thread 0x0000000016440800 Uncommon trap: reason=class_check action=maybe_recompile pc=0x0000000002c70c94 method=com.android.dx.cf.code.BytecodeArray.parseInstruction(ILcom/android/dx/cf/code/BytecodeArray$Visitor;)I @ 2151
Event: 10.144 Thread 0x0000000016469000 Uncommon trap: reason=class_check action=maybe_recompile pc=0x0000000002d0b2e8 method=com.android.dx.cf.code.BytecodeArray.parseInstruction(ILcom/android/dx/cf/code/BytecodeArray$Visitor;)I @ 1963
Event: 10.144 Thread 0x0000000016469000 Uncommon trap: reason=class_check action=maybe_recompile pc=0x0000000002d0b2e8 method=com.android.dx.cf.code.BytecodeArray.parseInstruction(ILcom/android/dx/cf/code/BytecodeArray$Visitor;)I @ 1963
Event: 11.310 Thread 0x000000001646a000 Uncommon trap: reason=class_check action=maybe_recompile pc=0x0000000002d3a030 method=com.android.dx.ssa.SCCP.simulateBranch(Lcom/android/dx/ssa/SsaInsn;)V @ 145
Event: 11.316 Thread 0x000000001646a000 Uncommon trap: reason=unstable_if action=reinterpret pc=0x0000000002d39eb0 method=com.android.dx.ssa.SCCP.simulateBranch(Lcom/android/dx/ssa/SsaInsn;)V @ 334
Event: 11.363 Thread 0x0000000016440800 Uncommon trap: reason=class_check action=maybe_recompile pc=0x0000000002cd9668 method=com.android.dx.cf.code.Ropper.processBlock(Lcom/android/dx/cf/code/ByteBlock;Lcom/android/dx/cf/code/Frame;[I)V @ 711
Event: 11.429 Thread 0x000000001646a000 Uncommon trap: reason=class_check action=maybe_recompile pc=0x0000000002cd9668 method=com.android.dx.cf.code.Ropper.processBlock(Lcom/android/dx/cf/code/ByteBlock;Lcom/android/dx/cf/code/Frame;[I)V @ 711
Event: 11.433 Thread 0x000000001646a000 Uncommon trap: reason=class_check action=maybe_recompile pc=0x0000000002cd9668 method=com.android.dx.cf.code.Ropper.processBlock(Lcom/android/dx/cf/code/ByteBlock;Lcom/android/dx/cf/code/Frame;[I)V @ 711

Internal exceptions (2 events):
Event: 0.082 Thread 0x0000000002351000 Exception <a 'java/lang/NoSuchMethodError': Method sun.misc.Unsafe.defineClass(Ljava/lang/String;[BII)Ljava/lang/Class; name or signature does not match> (0x00000000eab12f00) thrown at [D:\re\workspace\8-2-build-windows-amd64-cygwin\jdk8u40\3098\hotspot\srÊ
3ƒµ?
Event: 0.082 Thread 0x0000000002351000 Exception <a 'java/lang/NoSuchMethodError': Method sun.misc.Unsafe.prefetchRead(Ljava/lang/Object;J)V name or signature does not match> (0x00000000eab13190) thrown at [D:\re\workspace\8-2-build-windows-amd64-cygwin\jdk8u40\3098\hotspot\src\share\vm\prims\j

Events (10 events):
Event: 11.429 Thread 0x000000001646a000 DEOPT UNPACKING pc=0x000000000249582a sp=0x0000000016e7eb00 mode 2
Event: 11.433 Thread 0x000000001646a000 Uncommon trap: trap_request=0xffffffde fr.pc=0x0000000002cd9668
Event: 11.433 Thread 0x000000001646a000 DEOPT PACKING pc=0x0000000002cd9668 sp=0x0000000016e7eaa0
Event: 11.433 Thread 0x000000001646a000 DEOPT UNPACKING pc=0x000000000249582a sp=0x0000000016e7eb00 mode 2
Event: 11.453 Thread 0x0000000002351000 DEOPT PACKING pc=0x0000000002aaf891 sp=0x00000000022ced40
Event: 11.453 Thread 0x0000000002351000 DEOPT UNPACKING pc=0x000000000249787f sp=0x00000000022cea08 mode 0
Event: 11.464 Thread 0x0000000016469000 DEOPT PACKING pc=0x000000000282c191 sp=0x0000000016d7e7c0
Event: 11.464 Thread 0x0000000016469000 DEOPT UNPACKING pc=0x000000000249787f sp=0x0000000016d7e5f0 mode 0
Event: 11.483 Thread 0x0000000016469000 DEOPT PACKING pc=0x00000000028b8917 sp=0x0000000016d7e860
Event: 11.483 Thread 0x0000000016469000 DEOPT UNPACKING pc=0x000000000249787f sp=0x0000000016d7e648 mode 0


Dynamic libraries:
0x00007ff6cbcc0000 - 0x00007ff6cbcf7000 	C:\Program Files\Java\jdk1.8.0_40\bin\java.exe
0x00007ffea52f0000 - 0x00007ffea549d000 	C:\Windows\SYSTEM32\ntdll.dll
0x00007ffea2b50000 - 0x00007ffea2c8e000 	C:\Windows\system32\KERNEL32.DLL
0x00007ffea26c0000 - 0x00007ffea27d5000 	C:\Windows\system32\KERNELBASE.dll
0x00007ffea0fe0000 - 0x00007ffea106e000 	C:\Windows\system32\apphelp.dll
0x00007ffe8e7f0000 - 0x00007ffe8e843000 	C:\Windows\AppPatch\AppPatch64\AcGenral.DLL
0x00007ffea5170000 - 0x00007ffea521a000 	C:\Windows\system32\msvcrt.dll
0x00007ffea28e0000 - 0x00007ffea290e000 	C:\Windows\system32\SspiCli.dll
0x00007ffea4c60000 - 0x00007ffea4cb4000 	C:\Windows\system32\SHLWAPI.dll
0x00007ffea3310000 - 0x00007ffea3487000 	C:\Windows\system32\USER32.dll
0x00007ffea2970000 - 0x00007ffea2b04000 	C:\Windows\system32\ole32.dll
0x00007ffea34a0000 - 0x00007ffea49c8000 	C:\Windows\system32\SHELL32.dll
0x00007ffea19e0000 - 0x00007ffea1a01000 	C:\Windows\SYSTEM32\USERENV.dll
0x00007ffea4ee0000 - 0x00007ffea4f8a000 	C:\Windows\system32\ADVAPI32.dll
0x00007ffe956c0000 - 0x00007ffe956de000 	C:\Windows\SYSTEM32\MPR.dll
0x00007ffea4da0000 - 0x00007ffea4ee0000 	C:\Windows\system32\RPCRT4.dll
0x00007ffea4bf0000 - 0x00007ffea4c49000 	C:\Windows\SYSTEM32\sechost.dll
0x00007ffea49d0000 - 0x00007ffea4be1000 	C:\Windows\SYSTEM32\combase.dll
0x00007ffea2c90000 - 0x00007ffea2ddf000 	C:\Windows\system32\GDI32.dll
0x00007ffea2410000 - 0x00007ffea2425000 	C:\Windows\SYSTEM32\profapi.dll
0x00007ffea0990000 - 0x00007ffea0a42000 	C:\Windows\SYSTEM32\SHCORE.dll
0x00007ffea2b10000 - 0x00007ffea2b46000 	C:\Windows\system32\IMM32.DLL
0x00007ffea31b0000 - 0x00007ffea3302000 	C:\Windows\system32\MSCTF.dll
0x00007ffea0360000 - 0x00007ffea05db000 	C:\Windows\WinSxS\amd64_microsoft.windows.common-controls_6595b64144ccf1df_6.0.9600.18006_none_623f33d3ecbe86e8\COMCTL32.dll
0x00000000687e0000 - 0x00000000688b2000 	C:\Program Files\Java\jdk1.8.0_40\jre\bin\msvcr100.dll
0x0000000067f50000 - 0x00000000687d3000 	C:\Program Files\Java\jdk1.8.0_40\jre\bin\server\jvm.dll
0x00007ffe98cb0000 - 0x00007ffe98cb9000 	C:\Windows\SYSTEM32\WSOCK32.dll
0x00007ffe9f8f0000 - 0x00007ffe9f912000 	C:\Windows\SYSTEM32\WINMM.dll
0x00007ffe9f950000 - 0x00007ffe9f95a000 	C:\Windows\SYSTEM32\VERSION.dll
0x00007ffea3490000 - 0x00007ffea3497000 	C:\Windows\system32\PSAPI.DLL
0x00007ffea3150000 - 0x00007ffea31aa000 	C:\Windows\system32\WS2_32.dll
0x00007ffe9f880000 - 0x00007ffe9f8aa000 	C:\Windows\SYSTEM32\WINMMBASE.dll
0x00007ffea4cc0000 - 0x00007ffea4cc9000 	C:\Windows\system32\NSI.dll
0x00007ffea27e0000 - 0x00007ffea282f000 	C:\Windows\SYSTEM32\cfgmgr32.dll
0x00007ffea1260000 - 0x00007ffea1288000 	C:\Windows\SYSTEM32\DEVOBJ.dll
0x0000000067f40000 - 0x0000000067f4f000 	C:\Program Files\Java\jdk1.8.0_40\jre\bin\verify.dll
0x0000000067f10000 - 0x0000000067f39000 	C:\Program Files\Java\jdk1.8.0_40\jre\bin\java.dll
0x0000000067ef0000 - 0x0000000067f06000 	C:\Program Files\Java\jdk1.8.0_40\jre\bin\zip.dll
0x00007ffe97d60000 - 0x00007ffe97ee9000 	C:\Windows\SYSTEM32\dbghelp.dll

VM Arguments:
jvm_args: -Djava.awt.headless=true -Xmx1024M -Dfile.encoding=x-windows-949 -Duser.country=KR -Duser.language=ko -Duser.variant 
java_command: com.android.dx.command.Main --dex --verbose --force-jumbo --num-threads=4 --multi-dex --output C:\EunjiApp\EnterHeart\app\build\intermediates\transforms\dex\debug\folders\1000\10\com.google.android.gms-play-services-basement-9.8.0_c1bddd502d6ca2bacaee298e7833dd097e01a839 C:\EunjiApp\EnterHeart\app\build\intermediates\exploded-aar\com.google.android.gms\play-services-basement\9.8.0\jars\classes.jar
java_class_path (initial): C:\Android\sdk\build-tools\24.0.2\lib\dx.jar
Launcher Type: SUN_STANDARD

Environment Variables:
PATH=C:\oraclexe\app\oracle\product\11.2.0\server\bin;C:\ProgramData\Oracle\Java\javapath;C:\Program Files (x86)\NVIDIA Corporation\PhysX\Common;C:\Program Files (x86)\Intel\iCLS Client\;C:\Program Files\Intel\iCLS Client\;C:\Windows\system32;C:\Windows;C:\Windows\System32\Wbem;C:\Windows\System32\WindowsPowerShell\v1.0\;C:\Program Files (x86)\Windows Live\Shared;C:\Program Files\Intel\Intel(R) Management Engine Components\DAL;C:\Program Files\Intel\Intel(R) Management Engine Components\IPT;C:\Program Files (x86)\Intel\Intel(R) Management Engine Components\DAL;C:\Program Files (x86)\Intel\Intel(R) Management Engine Components\IPT;C:\Program Files\Intel\WiFi\bin\;C:\Program Files\Common Files\Intel\WirelessCommon\;C:\Program Files\Java\jdk1.8.0_40\bin;C:\Users\neg21_000\AppData\Local\Programs\Python\Python35-32;C:\Program Files\Bandizip\7z
USERNAME=³ªÀºÁö
OS=Windows_NT
PROCESSOR_IDENTIFIER=Intel64 Family 6 Model 69 Stepping 1, GenuineIntel



---------------  S Y S T E M  ---------------

OS: Windows 8.1 , 64 bit Build 9600 (6.3.9600.17415)

CPU:total 4 (2 cores per cpu, 2 threads per core) family 6 model 69 stepping 1, cmov, cx8, fxsr, mmx, sse, sse2, sse3, ssse3, sse4.1, sse4.2, popcnt, avx, avx2, aes, clmul, erms, lzcnt, ht, tsc, tscinvbit, bmi1, bmi2

Memory: 4k page, physical 4099872k(195664k free), swap 7245600k(4956k free)

vm_info: Java HotSpot(TM) 64-Bit Server VM (25.40-b25) for windows-amd64 JRE (1.8.0_40-b26), built on Mar  7 2015 13:51:59 by "java_re" with MS VC++ 10.0 (VS2010)

time: Thu Nov 03 00:21:50 2016
elapsed time: 11 seconds (0d 0h 0m 11s)

