#
# There is insufficient memory for the Java Runtime Environment to continue.
# Native memory allocation (malloc) failed to allocate 381712 bytes for Chunk::new
# Possible reasons:
#   The system is out of physical RAM or swap space
#   In 32 bit mode, the process size limit was hit
# Possible solutions:
#   Reduce memory load on the system
#   Increase physical memory or swap space
#   Check if swap backing store is full
#   Use 64 bit Java on a 64 bit OS
#   Decrease Java heap size (-Xmx/-Xms)
#   Decrease number of Java threads
#   Decrease Java thread stack sizes (-Xss)
#   Set larger code cache with -XX:ReservedCodeCacheSize=
# This output file may be truncated or incomplete.
#
#  Out of Memory Error (allocation.cpp:390), pid=16256, tid=11968
#
# JRE version: Java(TM) SE Runtime Environment (8.0_40-b26) (build 1.8.0_40-b26)
# Java VM: Java HotSpot(TM) 64-Bit Server VM (25.40-b25 mixed mode windows-amd64 compressed oops)
# Failed to write core dump. Minidumps are not enabled by default on client versions of Windows
#

---------------  T H R E A D  ---------------

Current thread (0x00000000152fe800):  JavaThread "C2 CompilerThread1" daemon [_thread_in_native, id=11968, stack(0x0000000016d00000,0x0000000016e00000)]

Stack: [0x0000000016d00000,0x0000000016e00000]
Native frames: (J=compiled Java code, j=interpreted, Vv=VM code, C=native code)
V  [jvm.dll+0x32b47a]
V  [jvm.dll+0x2797f3]
V  [jvm.dll+0x27a489]
V  [jvm.dll+0x2717a5]
V  [jvm.dll+0xcb9a2]
V  [jvm.dll+0xcbe6c]
V  [jvm.dll+0x464332]
V  [jvm.dll+0x4db615]
V  [jvm.dll+0x4dc217]
V  [jvm.dll+0x46a551]
V  [jvm.dll+0x46cd52]
V  [jvm.dll+0x4500d2]
V  [jvm.dll+0xa4312]
V  [jvm.dll+0xa4c4f]
V  [jvm.dll+0x241914]
V  [jvm.dll+0x29848a]
C  [msvcr100.dll+0x21d9f]
C  [msvcr100.dll+0x21e3b]
C  [KERNEL32.DLL+0x13d2]
C  [ntdll.dll+0x154e4]


Current CompileTask:
C2:  11158 2014       4       com.android.dx.cf.code.Ropper::addOrReplaceBlock (66 bytes)


---------------  P R O C E S S  ---------------

Java Threads: ( => current thread )
  0x0000000016bee800 JavaThread "pool-2-thread-4" [_thread_blocked, id=9980, stack(0x0000000017500000,0x0000000017600000)]
  0x0000000016be7800 JavaThread "pool-2-thread-3" [_thread_blocked, id=12480, stack(0x0000000017400000,0x0000000017500000)]
  0x0000000016c0e000 JavaThread "pool-2-thread-2" [_thread_blocked, id=14156, stack(0x0000000017300000,0x0000000017400000)]
  0x0000000016c0c800 JavaThread "pool-3-thread-1" [_thread_blocked, id=156, stack(0x0000000017200000,0x0000000017300000)]
  0x0000000016c09800 JavaThread "pool-2-thread-1" [_thread_blocked, id=11624, stack(0x0000000017100000,0x0000000017200000)]
  0x0000000016962000 JavaThread "Service Thread" daemon [_thread_blocked, id=3740, stack(0x0000000016f00000,0x0000000017000000)]
  0x000000001695a000 JavaThread "C1 CompilerThread2" daemon [_thread_blocked, id=4024, stack(0x0000000016e00000,0x0000000016f00000)]
=>0x00000000152fe800 JavaThread "C2 CompilerThread1" daemon [_thread_in_native, id=11968, stack(0x0000000016d00000,0x0000000016e00000)]
  0x00000000152ad000 JavaThread "C2 CompilerThread0" daemon [_thread_blocked, id=12708, stack(0x0000000016800000,0x0000000016900000)]
  0x00000000152ab800 JavaThread "Attach Listener" daemon [_thread_blocked, id=14236, stack(0x0000000016700000,0x0000000016800000)]
  0x00000000152aa800 JavaThread "Signal Dispatcher" daemon [_thread_blocked, id=13548, stack(0x0000000016600000,0x0000000016700000)]
  0x0000000002bc6000 JavaThread "Finalizer" daemon [_thread_blocked, id=2628, stack(0x0000000016500000,0x0000000016600000)]
  0x0000000002bbd000 JavaThread "Reference Handler" daemon [_thread_blocked, id=816, stack(0x0000000016400000,0x0000000016500000)]
  0x0000000002ad1000 JavaThread "main" [_thread_blocked, id=7860, stack(0x0000000002600000,0x0000000002700000)]

Other Threads:
  0x0000000015267800 VMThread [stack: 0x0000000016300000,0x0000000016400000] [id=1300]
  0x0000000016963800 WatcherThread [stack: 0x0000000017000000,0x0000000017100000] [id=10052]

VM state:not at safepoint (normal execution)

VM Mutex/Monitor currently owned by a thread: None

Heap:
 PSYoungGen      total 68096K, used 10250K [0x00000000eab00000, 0x00000000f4600000, 0x0000000100000000)
  eden space 65536K, 11% used [0x00000000eab00000,0x00000000eb2884e0,0x00000000eeb00000)
  from space 2560K, 99% used [0x00000000eeb00000,0x00000000eed7a638,0x00000000eed80000)
  to   space 13824K, 0% used [0x00000000f3880000,0x00000000f3880000,0x00000000f4600000)
 ParOldGen       total 44032K, used 26098K [0x00000000c0000000, 0x00000000c2b00000, 0x00000000eab00000)
  object space 44032K, 59% used [0x00000000c0000000,0x00000000c197c918,0x00000000c2b00000)
 Metaspace       used 6407K, capacity 7128K, committed 7424K, reserved 1056768K
  class space    used 611K, capacity 656K, committed 768K, reserved 1048576K

Card table byte_map: [0x0000000011f90000,0x00000000121a0000] byte_map_base: 0x0000000011990000

Marking Bits: (ParMarkBitMap*) 0x0000000068754040
 Begin Bits: [0x0000000012700000, 0x0000000013700000)
 End Bits:   [0x0000000013700000, 0x0000000014700000)

Polling page: 0x0000000000d60000

CodeCache: size=245760Kb used=9047Kb max_used=9065Kb free=236712Kb
 bounds [0x0000000002bd0000, 0x00000000034c0000, 0x0000000011bd0000]
 total_blobs=2220 nmethods=1948 adapters=183
 compilation: disabled (not enough contiguous free space left)

Compilation events (10 events):
Event: 11.066 Thread 0x00000000152fe800 nmethod 2015 0x00000000034abfd0 code [0x00000000034ac140, 0x00000000034ac2f8]
Event: 11.066 Thread 0x00000000152fe800 2011       4       com.android.dx.ssa.back.InterferenceGraph::ensureCapacity (42 bytes)
Event: 11.080 Thread 0x00000000152fe800 nmethod 2011 0x00000000034a5990 code [0x00000000034a5b00, 0x00000000034a63f8]
Event: 11.080 Thread 0x00000000152fe800 2009       4       com.android.dx.util.BitIntSet::iterator (9 bytes)
Event: 11.084 Thread 0x00000000152fe800 nmethod 2009 0x00000000034b0d90 code [0x00000000034b0ee0, 0x00000000034b10b8]
Event: 11.084 Thread 0x00000000152fe800 2007       4       com.android.dx.rop.cst.CstString::hashCode (8 bytes)
Event: 11.087 Thread 0x00000000152fe800 nmethod 2007 0x00000000034b09d0 code [0x00000000034b0b00, 0x00000000034b0c78]
Event: 11.087 Thread 0x00000000152fe800 2012       4       com.android.dx.util.BitIntSet$1::hasNext (13 bytes)
Event: 11.088 Thread 0x00000000152fe800 nmethod 2012 0x00000000031d6950 code [0x00000000031d6a80, 0x00000000031d6af8]
Event: 11.088 Thread 0x00000000152fe800 2014       4       com.android.dx.cf.code.Ropper::addOrReplaceBlock (66 bytes)

GC Heap History (10 events):
Event: 1.410 GC heap before
{Heap before GC invocations=1 (full 0):
 PSYoungGen      total 18944K, used 16384K [0x00000000eab00000, 0x00000000ec000000, 0x0000000100000000)
  eden space 16384K, 100% used [0x00000000eab00000,0x00000000ebb00000,0x00000000ebb00000)
  from space 2560K, 0% used [0x00000000ebd80000,0x00000000ebd80000,0x00000000ec000000)
  to   space 2560K, 0% used [0x00000000ebb00000,0x00000000ebb00000,0x00000000ebd80000)
 ParOldGen       total 44032K, used 0K [0x00000000c0000000, 0x00000000c2b00000, 0x00000000eab00000)
  object space 44032K, 0% used [0x00000000c0000000,0x00000000c0000000,0x00000000c2b00000)
 Metaspace       used 5606K, capacity 6576K, committed 6784K, reserved 1056768K
  class space    used 582K, capacity 616K, committed 640K, reserved 1048576K
Event: 1.565 GC heap after
Heap after GC invocations=1 (full 0):
 PSYoungGen      total 18944K, used 2557K [0x00000000eab00000, 0x00000000ed000000, 0x0000000100000000)
  eden space 16384K, 0% used [0x00000000eab00000,0x00000000eab00000,0x00000000ebb00000)
  from space 2560K, 99% used [0x00000000ebb00000,0x00000000ebd7f6c8,0x00000000ebd80000)
  to   space 2560K, 0% used [0x00000000ecd80000,0x00000000ecd80000,0x00000000ed000000)
 ParOldGen       total 44032K, used 1534K [0x00000000c0000000, 0x00000000c2b00000, 0x00000000eab00000)
  object space 44032K, 3% used [0x00000000c0000000,0x00000000c017f9a0,0x00000000c2b00000)
 Metaspace       used 5606K, capacity 6576K, committed 6784K, reserved 1056768K
  class space    used 582K, capacity 616K, committed 640K, reserved 1048576K
}
Event: 2.440 GC heap before
{Heap before GC invocations=2 (full 0):
 PSYoungGen      total 18944K, used 18941K [0x00000000eab00000, 0x00000000ed000000, 0x0000000100000000)
  eden space 16384K, 100% used [0x00000000eab00000,0x00000000ebb00000,0x00000000ebb00000)
  from space 2560K, 99% used [0x00000000ebb00000,0x00000000ebd7f6c8,0x00000000ebd80000)
  to   space 2560K, 0% used [0x00000000ecd80000,0x00000000ecd80000,0x00000000ed000000)
 ParOldGen       total 44032K, used 1534K [0x00000000c0000000, 0x00000000c2b00000, 0x00000000eab00000)
  object space 44032K, 3% used [0x00000000c0000000,0x00000000c017f9a0,0x00000000c2b00000)
 Metaspace       used 5937K, capacity 6832K, committed 7040K, reserved 1056768K
  class space    used 587K, capacity 616K, committed 640K, reserved 1048576K
Event: 2.589 GC heap after
Heap after GC invocations=2 (full 0):
 PSYoungGen      total 35328K, used 2537K [0x00000000eab00000, 0x00000000ed000000, 0x0000000100000000)
  eden space 32768K, 0% used [0x00000000eab00000,0x00000000eab00000,0x00000000ecb00000)
  from space 2560K, 99% used [0x00000000ecd80000,0x00000000ecffa628,0x00000000ed000000)
  to   space 2560K, 0% used [0x00000000ecb00000,0x00000000ecb00000,0x00000000ecd80000)
 ParOldGen       total 44032K, used 4537K [0x00000000c0000000, 0x00000000c2b00000, 0x00000000eab00000)
  object space 44032K, 10% used [0x00000000c0000000,0x00000000c046e730,0x00000000c2b00000)
 Metaspace       used 5937K, capacity 6832K, committed 7040K, reserved 1056768K
  class space    used 587K, capacity 616K, committed 640K, reserved 1048576K
}
Event: 3.930 GC heap before
{Heap before GC invocations=3 (full 0):
 PSYoungGen      total 35328K, used 35305K [0x00000000eab00000, 0x00000000ed000000, 0x0000000100000000)
  eden space 32768K, 100% used [0x00000000eab00000,0x00000000ecb00000,0x00000000ecb00000)
  from space 2560K, 99% used [0x00000000ecd80000,0x00000000ecffa628,0x00000000ed000000)
  to   space 2560K, 0% used [0x00000000ecb00000,0x00000000ecb00000,0x00000000ecd80000)
 ParOldGen       total 44032K, used 4537K [0x00000000c0000000, 0x00000000c2b00000, 0x00000000eab00000)
  object space 44032K, 10% used [0x00000000c0000000,0x00000000c046e730,0x00000000c2b00000)
 Metaspace       used 6156K, capacity 7024K, committed 7296K, reserved 1056768K
  class space    used 587K, capacity 616K, committed 640K, reserved 1048576K
Event: 4.143 GC heap after
Heap after GC invocations=3 (full 0):
 PSYoungGen      total 35328K, used 2553K [0x00000000eab00000, 0x00000000ef000000, 0x0000000100000000)
  eden space 32768K, 0% used [0x00000000eab00000,0x00000000eab00000,0x00000000ecb00000)
  from space 2560K, 99% used [0x00000000ecb00000,0x00000000ecd7e648,0x00000000ecd80000)
  to   space 2560K, 0% used [0x00000000eed80000,0x00000000eed80000,0x00000000ef000000)
 ParOldGen       total 44032K, used 10377K [0x00000000c0000000, 0x00000000c2b00000, 0x00000000eab00000)
  object space 44032K, 23% used [0x00000000c0000000,0x00000000c0a227b0,0x00000000c2b00000)
 Metaspace       used 6156K, capacity 7024K, committed 7296K, reserved 1056768K
  class space    used 587K, capacity 616K, committed 640K, reserved 1048576K
}
Event: 7.035 GC heap before
{Heap before GC invocations=4 (full 0):
 PSYoungGen      total 35328K, used 35321K [0x00000000eab00000, 0x00000000ef000000, 0x0000000100000000)
  eden space 32768K, 100% used [0x00000000eab00000,0x00000000ecb00000,0x00000000ecb00000)
  from space 2560K, 99% used [0x00000000ecb00000,0x00000000ecd7e648,0x00000000ecd80000)
  to   space 2560K, 0% used [0x00000000eed80000,0x00000000eed80000,0x00000000ef000000)
 ParOldGen       total 44032K, used 10377K [0x00000000c0000000, 0x00000000c2b00000, 0x00000000eab00000)
  object space 44032K, 23% used [0x00000000c0000000,0x00000000c0a227b0,0x00000000c2b00000)
 Metaspace       used 6312K, capacity 7128K, committed 7424K, reserved 1056768K
  class space    used 610K, capacity 656K, committed 768K, reserved 1048576K
Event: 7.363 GC heap after
Heap after GC invocations=4 (full 0):
 PSYoungGen      total 68096K, used 2537K [0x00000000eab00000, 0x00000000ef000000, 0x0000000100000000)
  eden space 65536K, 0% used [0x00000000eab00000,0x00000000eab00000,0x00000000eeb00000)
  from space 2560K, 99% used [0x00000000eed80000,0x00000000eeffa658,0x00000000ef000000)
  to   space 2560K, 0% used [0x00000000eeb00000,0x00000000eeb00000,0x00000000eed80000)
 ParOldGen       total 44032K, used 15609K [0x00000000c0000000, 0x00000000c2b00000, 0x00000000eab00000)
  object space 44032K, 35% used [0x00000000c0000000,0x00000000c0f3e448,0x00000000c2b00000)
 Metaspace       used 6312K, capacity 7128K, committed 7424K, reserved 1056768K
  class space    used 610K, capacity 656K, committed 768K, reserved 1048576K
}
Event: 10.363 GC heap before
{Heap before GC invocations=5 (full 0):
 PSYoungGen      total 68096K, used 68073K [0x00000000eab00000, 0x00000000ef000000, 0x0000000100000000)
  eden space 65536K, 100% used [0x00000000eab00000,0x00000000eeb00000,0x00000000eeb00000)
  from space 2560K, 99% used [0x00000000eed80000,0x00000000eeffa658,0x00000000ef000000)
  to   space 2560K, 0% used [0x00000000eeb00000,0x00000000eeb00000,0x00000000eed80000)
 ParOldGen       total 44032K, used 15609K [0x00000000c0000000, 0x00000000c2b00000, 0x00000000eab00000)
  object space 44032K, 35% used [0x00000000c0000000,0x00000000c0f3e448,0x00000000c2b00000)
 Metaspace       used 6400K, capacity 7128K, committed 7424K, reserved 1056768K
  class space    used 611K, capacity 656K, committed 768K, reserved 1048576K
Event: 10.427 GC heap after
Heap after GC invocations=5 (full 0):
 PSYoungGen      total 68096K, used 2537K [0x00000000eab00000, 0x00000000f4600000, 0x0000000100000000)
  eden space 65536K, 0% used [0x00000000eab00000,0x00000000eab00000,0x00000000eeb00000)
  from space 2560K, 99% used [0x00000000eeb00000,0x00000000eed7a638,0x00000000eed80000)
  to   space 13824K, 0% used [0x00000000f3880000,0x00000000f3880000,0x00000000f4600000)
 ParOldGen       total 44032K, used 26098K [0x00000000c0000000, 0x00000000c2b00000, 0x00000000eab00000)
  object space 44032K, 59% used [0x00000000c0000000,0x00000000c197c918,0x00000000c2b00000)
 Metaspace       used 6400K, capacity 7128K, committed 7424K, reserved 1056768K
  class space    used 611K, capacity 656K, committed 768K, reserved 1048576K
}

Deoptimization events (10 events):
Event: 7.593 Thread 0x0000000016c0e000 Uncommon trap: reason=unstable_if action=reinterpret pc=0x00000000033617b4 method=java.util.HashMap.putVal(ILjava/lang/Object;Ljava/lang/Object;ZZ)Ljava/lang/Object; @ 109
Event: 7.597 Thread 0x0000000016be7800 Uncommon trap: reason=class_check action=maybe_recompile pc=0x000000000309ef94 method=java.util.HashMap.putVal(ILjava/lang/Object;Ljava/lang/Object;ZZ)Ljava/lang/Object; @ 203
Event: 8.221 Thread 0x0000000016c0e000 Uncommon trap: reason=unstable_if action=reinterpret pc=0x0000000003340f74 method=com.android.dx.cf.code.RopperMachine.run(Lcom/android/dx/cf/code/Frame;II)V @ 1250
Event: 8.222 Thread 0x0000000016c0e000 Uncommon trap: reason=unstable_if action=reinterpret pc=0x00000000032b99c8 method=com.android.dx.cf.code.ByteCatchList.toRopCatchList()Lcom/android/dx/rop/type/TypeList; @ 6
Event: 8.234 Thread 0x0000000016c09800 Uncommon trap: reason=class_check action=maybe_recompile pc=0x000000000309ef94 method=java.util.HashMap.putVal(ILjava/lang/Object;Ljava/lang/Object;ZZ)Ljava/lang/Object; @ 203
Event: 10.721 Thread 0x0000000016be7800 Uncommon trap: reason=unstable_if action=reinterpret pc=0x0000000003486994 method=com.android.dx.cf.code.Merger.mergeLocals(Lcom/android/dx/cf/code/OneLocalsArray;Lcom/android/dx/cf/code/OneLocalsArray;)Lcom/android/dx/cf/code/OneLocalsArray; @ 2
Event: 11.116 Thread 0x0000000016be7800 Uncommon trap: reason=class_check action=maybe_recompile pc=0x00000000033aa498 method=com.android.dx.cf.code.BytecodeArray.parseInstruction(ILcom/android/dx/cf/code/BytecodeArray$Visitor;)I @ 1573
Event: 11.116 Thread 0x0000000016be7800 Uncommon trap: reason=class_check action=maybe_recompile pc=0x00000000033aa498 method=com.android.dx.cf.code.BytecodeArray.parseInstruction(ILcom/android/dx/cf/code/BytecodeArray$Visitor;)I @ 1573
Event: 11.117 Thread 0x0000000016be7800 Uncommon trap: reason=class_check action=maybe_recompile pc=0x00000000033aa498 method=com.android.dx.cf.code.BytecodeArray.parseInstruction(ILcom/android/dx/cf/code/BytecodeArray$Visitor;)I @ 1573
Event: 11.117 Thread 0x0000000016be7800 Uncommon trap: reason=class_check action=maybe_recompile pc=0x00000000033aa498 method=com.android.dx.cf.code.BytecodeArray.parseInstruction(ILcom/android/dx/cf/code/BytecodeArray$Visitor;)I @ 1573

Internal exceptions (6 events):
Event: 0.131 Thread 0x0000000002ad1000 Exception <a 'java/lang/NoSuchMethodError': Method sun.misc.Unsafe.defineClass(Ljava/lang/String;[BII)Ljava/lang/Class; name or signature does not match> (0x00000000eab12f00) thrown at [D:\re\workspace\8-2-build-windows-amd64-cygwin\jdk8u40\3098\hotspot\sräÚA'¹À?
Event: 0.131 Thread 0x0000000002ad1000 Exception <a 'java/lang/NoSuchMethodError': Method sun.misc.Unsafe.prefetchRead(Ljava/lang/Object;J)V name or signature does not match> (0x00000000eab13190) thrown at [D:\re\workspace\8-2-build-windows-amd64-cygwin\jdk8u40\3098\hotspot\src\share\vm\prims\jL‹®~Ê@
Event: 2.599 Thread 0x0000000016c09800 Implicit null exception at 0x0000000002f6c8a2 to 0x0000000002f6c995
Event: 6.913 Thread 0x0000000016c0e000 Exception <a 'java/lang/ArrayIndexOutOfBoundsException': 18> (0x00000000eb4e9060) thrown at [D:\re\workspace\8-2-build-windows-amd64-cygwin\jdk8u40\3098\hotspot\src\share\vm\interpreter\interpreterRuntime.cpp, line 366]
Event: 6.914 Thread 0x0000000016c0e000 Exception <a 'java/lang/ArrayIndexOutOfBoundsException'> (0x00000000eb4eab30) thrown at [D:\re\workspace\8-2-build-windows-amd64-cygwin\jdk8u40\3098\hotspot\src\share\vm\runtime\sharedRuntime.cpp, line 605]
Event: 6.916 Thread 0x0000000016c0e000 Exception <a 'java/lang/ArrayIndexOutOfBoundsException'> (0x00000000eb4ebd68) thrown at [D:\re\workspace\8-2-build-windows-amd64-cygwin\jdk8u40\3098\hotspot\src\share\vm\runtime\sharedRuntime.cpp, line 605]

Events (10 events):
Event: 11.116 Thread 0x0000000016be7800 DEOPT UNPACKING pc=0x0000000002c1582a sp=0x00000000174fe888 mode 2
Event: 11.116 Thread 0x0000000016be7800 Uncommon trap: trap_request=0xffffffde fr.pc=0x00000000033aa498
Event: 11.116 Thread 0x0000000016be7800 DEOPT PACKING pc=0x00000000033aa498 sp=0x00000000174fe920
Event: 11.116 Thread 0x0000000016be7800 DEOPT UNPACKING pc=0x0000000002c1582a sp=0x00000000174fe888 mode 2
Event: 11.117 Thread 0x0000000016be7800 Uncommon trap: trap_request=0xffffffde fr.pc=0x00000000033aa498
Event: 11.117 Thread 0x0000000016be7800 DEOPT PACKING pc=0x00000000033aa498 sp=0x00000000174fe920
Event: 11.117 Thread 0x0000000016be7800 DEOPT UNPACKING pc=0x0000000002c1582a sp=0x00000000174fe888 mode 2
Event: 11.117 Thread 0x0000000016be7800 Uncommon trap: trap_request=0xffffffde fr.pc=0x00000000033aa498
Event: 11.117 Thread 0x0000000016be7800 DEOPT PACKING pc=0x00000000033aa498 sp=0x00000000174fe920
Event: 11.117 Thread 0x0000000016be7800 DEOPT UNPACKING pc=0x0000000002c1582a sp=0x00000000174fe888 mode 2


Dynamic libraries:
0x00007ff6cbcc0000 - 0x00007ff6cbcf7000 	C:\Program Files\Java\jdk1.8.0_40\bin\java.exe
0x00007ffea52f0000 - 0x00007ffea549d000 	C:\Windows\SYSTEM32\ntdll.dll
0x00007ffea2b50000 - 0x00007ffea2c8e000 	C:\Windows\system32\KERNEL32.DLL
0x00007ffea26c0000 - 0x00007ffea27d5000 	C:\Windows\system32\KERNELBASE.dll
0x00007ffea0fe0000 - 0x00007ffea106e000 	C:\Windows\system32\apphelp.dll
0x00007ffe8e7f0000 - 0x00007ffe8e843000 	C:\Windows\AppPatch\AppPatch64\AcGenral.DLL
0x00007ffea5170000 - 0x00007ffea521a000 	C:\Windows\system32\msvcrt.dll
0x00007ffea28e0000 - 0x00007ffea290e000 	C:\Windows\system32\SspiCli.dll
0x00007ffea4c60000 - 0x00007ffea4cb4000 	C:\Windows\system32\SHLWAPI.dll
0x00007ffea3310000 - 0x00007ffea3487000 	C:\Windows\system32\USER32.dll
0x00007ffea2970000 - 0x00007ffea2b04000 	C:\Windows\system32\ole32.dll
0x00007ffea34a0000 - 0x00007ffea49c8000 	C:\Windows\system32\SHELL32.dll
0x00007ffea19e0000 - 0x00007ffea1a01000 	C:\Windows\SYSTEM32\USERENV.dll
0x00007ffea4ee0000 - 0x00007ffea4f8a000 	C:\Windows\system32\ADVAPI32.dll
0x00007ffe956c0000 - 0x00007ffe956de000 	C:\Windows\SYSTEM32\MPR.dll
0x00007ffea4da0000 - 0x00007ffea4ee0000 	C:\Windows\system32\RPCRT4.dll
0x00007ffea4bf0000 - 0x00007ffea4c49000 	C:\Windows\SYSTEM32\sechost.dll
0x00007ffea49d0000 - 0x00007ffea4be1000 	C:\Windows\SYSTEM32\combase.dll
0x00007ffea2c90000 - 0x00007ffea2ddf000 	C:\Windows\system32\GDI32.dll
0x00007ffea2410000 - 0x00007ffea2425000 	C:\Windows\SYSTEM32\profapi.dll
0x00007ffea0990000 - 0x00007ffea0a42000 	C:\Windows\SYSTEM32\SHCORE.dll
0x00007ffea2b10000 - 0x00007ffea2b46000 	C:\Windows\system32\IMM32.DLL
0x00007ffea31b0000 - 0x00007ffea3302000 	C:\Windows\system32\MSCTF.dll
0x00007ffea0360000 - 0x00007ffea05db000 	C:\Windows\WinSxS\amd64_microsoft.windows.common-controls_6595b64144ccf1df_6.0.9600.18006_none_623f33d3ecbe86e8\COMCTL32.dll
0x00000000687e0000 - 0x00000000688b2000 	C:\Program Files\Java\jdk1.8.0_40\jre\bin\msvcr100.dll
0x0000000067f50000 - 0x00000000687d3000 	C:\Program Files\Java\jdk1.8.0_40\jre\bin\server\jvm.dll
0x00007ffe98cb0000 - 0x00007ffe98cb9000 	C:\Windows\SYSTEM32\WSOCK32.dll
0x00007ffe9f8f0000 - 0x00007ffe9f912000 	C:\Windows\SYSTEM32\WINMM.dll
0x00007ffe9f950000 - 0x00007ffe9f95a000 	C:\Windows\SYSTEM32\VERSION.dll
0x00007ffea3490000 - 0x00007ffea3497000 	C:\Windows\system32\PSAPI.DLL
0x00007ffea3150000 - 0x00007ffea31aa000 	C:\Windows\system32\WS2_32.dll
0x00007ffe9f880000 - 0x00007ffe9f8aa000 	C:\Windows\SYSTEM32\WINMMBASE.dll
0x00007ffea4cc0000 - 0x00007ffea4cc9000 	C:\Windows\system32\NSI.dll
0x00007ffea27e0000 - 0x00007ffea282f000 	C:\Windows\SYSTEM32\cfgmgr32.dll
0x00007ffea1260000 - 0x00007ffea1288000 	C:\Windows\SYSTEM32\DEVOBJ.dll
0x0000000067f40000 - 0x0000000067f4f000 	C:\Program Files\Java\jdk1.8.0_40\jre\bin\verify.dll
0x0000000067f10000 - 0x0000000067f39000 	C:\Program Files\Java\jdk1.8.0_40\jre\bin\java.dll
0x0000000067ef0000 - 0x0000000067f06000 	C:\Program Files\Java\jdk1.8.0_40\jre\bin\zip.dll
0x00007ffe97d60000 - 0x00007ffe97ee9000 	C:\Windows\SYSTEM32\dbghelp.dll

VM Arguments:
jvm_args: -Djava.awt.headless=true -Xmx1024M -Dfile.encoding=x-windows-949 -Duser.country=KR -Duser.language=ko -Duser.variant 
java_command: com.android.dx.command.Main --dex --verbose --force-jumbo --num-threads=4 --multi-dex --output C:\EunjiApp\EnterHeart\app\build\intermediates\transforms\dex\debug\folders\1000\10\com.google.android.gms-play-services-fitness-9.8.0_b38d1d5a2477775747f70fda3abc076c7441be09 C:\EunjiApp\EnterHeart\app\build\intermediates\exploded-aar\com.google.android.gms\play-services-fitness\9.8.0\jars\classes.jar
java_class_path (initial): C:\Android\sdk\build-tools\24.0.2\lib\dx.jar
Launcher Type: SUN_STANDARD

Environment Variables:
PATH=C:\oraclexe\app\oracle\product\11.2.0\server\bin;C:\ProgramData\Oracle\Java\javapath;C:\Program Files (x86)\NVIDIA Corporation\PhysX\Common;C:\Program Files (x86)\Intel\iCLS Client\;C:\Program Files\Intel\iCLS Client\;C:\Windows\system32;C:\Windows;C:\Windows\System32\Wbem;C:\Windows\System32\WindowsPowerShell\v1.0\;C:\Program Files (x86)\Windows Live\Shared;C:\Program Files\Intel\Intel(R) Management Engine Components\DAL;C:\Program Files\Intel\Intel(R) Management Engine Components\IPT;C:\Program Files (x86)\Intel\Intel(R) Management Engine Components\DAL;C:\Program Files (x86)\Intel\Intel(R) Management Engine Components\IPT;C:\Program Files\Intel\WiFi\bin\;C:\Program Files\Common Files\Intel\WirelessCommon\;C:\Program Files\Java\jdk1.8.0_40\bin;C:\Users\neg21_000\AppData\Local\Programs\Python\Python35-32;C:\Program Files\Bandizip\7z
USERNAME=³ªÀºÁö
OS=Windows_NT
PROCESSOR_IDENTIFIER=Intel64 Family 6 Model 69 Stepping 1, GenuineIntel



---------------  S Y S T E M  ---------------

OS: Windows 8.1 , 64 bit Build 9600 (6.3.9600.17415)

CPU:total 4 (2 cores per cpu, 2 threads per core) family 6 model 69 stepping 1, cmov, cx8, fxsr, mmx, sse, sse2, sse3, ssse3, sse4.1, sse4.2, popcnt, avx, avx2, aes, clmul, erms, lzcnt, ht, tsc, tscinvbit, bmi1, bmi2

Memory: 4k page, physical 4099872k(555660k free), swap 7245600k(10212k free)

vm_info: Java HotSpot(TM) 64-Bit Server VM (25.40-b25) for windows-amd64 JRE (1.8.0_40-b26), built on Mar  7 2015 13:51:59 by "java_re" with MS VC++ 10.0 (VS2010)

time: Thu Nov 03 01:02:07 2016
elapsed time: 11 seconds (0d 0h 0m 11s)

